<?xml version="1.0" encoding="UTF-8"?>
<coverage generated="1779511335244" clover="3.2.0">
  <project timestamp="1779511335245" name="All files">
    <metrics statements="912" coveredstatements="709" conditionals="242" coveredconditionals="221" methods="62" coveredmethods="46" elements="1216" coveredelements="976" complexity="0" loc="912" ncloc="912" packages="6" files="23" classes="23"/>
    <package name="scripts">
      <metrics statements="16" coveredstatements="0" conditionals="1" coveredconditionals="0" methods="1" coveredmethods="0"/>
      <file name="check-node.cjs" path="/Users/olawal/Documents/GitHub/summer-challenge/scripts/check-node.cjs">
        <metrics statements="16" coveredstatements="0" conditionals="1" coveredconditionals="0" methods="1" coveredmethods="0"/>
        <line num="1" count="0" type="cond" truecount="0" falsecount="1"/>
        <line num="2" count="0" type="stmt"/>
        <line num="3" count="0" type="stmt"/>
        <line num="4" count="0" type="stmt"/>
        <line num="5" count="0" type="stmt"/>
        <line num="6" count="0" type="stmt"/>
        <line num="7" count="0" type="stmt"/>
        <line num="8" count="0" type="stmt"/>
        <line num="9" count="0" type="stmt"/>
        <line num="10" count="0" type="stmt"/>
        <line num="11" count="0" type="stmt"/>
        <line num="12" count="0" type="stmt"/>
        <line num="13" count="0" type="stmt"/>
        <line num="14" count="0" type="stmt"/>
        <line num="15" count="0" type="stmt"/>
        <line num="16" count="0" type="stmt"/>
      </file>
    </package>
    <package name="src">
      <metrics statements="63" coveredstatements="0" conditionals="2" coveredconditionals="0" methods="2" coveredmethods="0"/>
      <file name="App.tsx" path="/Users/olawal/Documents/GitHub/summer-challenge/src/App.tsx">
        <metrics statements="41" coveredstatements="0" conditionals="1" coveredconditionals="0" methods="1" coveredmethods="0"/>
        <line num="1" count="0" type="cond" truecount="0" falsecount="1"/>
        <line num="13" count="0" type="stmt"/>
        <line num="14" count="0" type="stmt"/>
        <line num="15" count="0" type="stmt"/>
        <line num="16" count="0" type="stmt"/>
        <line num="18" count="0" type="stmt"/>
        <line num="19" count="0" type="stmt"/>
        <line num="20" count="0" type="stmt"/>
        <line num="21" count="0" type="stmt"/>
        <line num="22" count="0" type="stmt"/>
        <line num="24" count="0" type="stmt"/>
        <line num="25" count="0" type="stmt"/>
        <line num="26" count="0" type="stmt"/>
        <line num="27" count="0" type="stmt"/>
        <line num="28" count="0" type="stmt"/>
        <line num="29" count="0" type="stmt"/>
        <line num="31" count="0" type="stmt"/>
        <line num="32" count="0" type="stmt"/>
        <line num="33" count="0" type="stmt"/>
        <line num="34" count="0" type="stmt"/>
        <line num="35" count="0" type="stmt"/>
        <line num="36" count="0" type="stmt"/>
        <line num="38" count="0" type="stmt"/>
        <line num="40" count="0" type="stmt"/>
        <line num="41" count="0" type="stmt"/>
        <line num="42" count="0" type="stmt"/>
        <line num="43" count="0" type="stmt"/>
        <line num="44" count="0" type="stmt"/>
        <line num="45" count="0" type="stmt"/>
        <line num="46" count="0" type="stmt"/>
        <line num="47" count="0" type="stmt"/>
        <line num="48" count="0" type="stmt"/>
        <line num="49" count="0" type="stmt"/>
        <line num="51" count="0" type="stmt"/>
        <line num="52" count="0" type="stmt"/>
        <line num="53" count="0" type="stmt"/>
        <line num="54" count="0" type="stmt"/>
        <line num="55" count="0" type="stmt"/>
        <line num="56" count="0" type="stmt"/>
        <line num="57" count="0" type="stmt"/>
        <line num="59" count="0" type="stmt"/>
      </file>
      <file name="main.tsx" path="/Users/olawal/Documents/GitHub/summer-challenge/src/main.tsx">
        <metrics statements="22" coveredstatements="0" conditionals="1" coveredconditionals="0" methods="1" coveredmethods="0"/>
        <line num="1" count="0" type="cond" truecount="0" falsecount="1"/>
        <line num="2" count="0" type="stmt"/>
        <line num="3" count="0" type="stmt"/>
        <line num="4" count="0" type="stmt"/>
        <line num="5" count="0" type="stmt"/>
        <line num="6" count="0" type="stmt"/>
        <line num="7" count="0" type="stmt"/>
        <line num="8" count="0" type="stmt"/>
        <line num="10" count="0" type="stmt"/>
        <line num="11" count="0" type="stmt"/>
        <line num="12" count="0" type="stmt"/>
        <line num="13" count="0" type="stmt"/>
        <line num="14" count="0" type="stmt"/>
        <line num="15" count="0" type="stmt"/>
        <line num="16" count="0" type="stmt"/>
        <line num="17" count="0" type="stmt"/>
        <line num="18" count="0" type="stmt"/>
        <line num="19" count="0" type="stmt"/>
        <line num="20" count="0" type="stmt"/>
        <line num="21" count="0" type="stmt"/>
        <line num="22" count="0" type="stmt"/>
        <line num="23" count="0" type="stmt"/>
      </file>
    </package>
    <package name="src.lib">
      <metrics statements="158" coveredstatements="116" conditionals="44" coveredconditionals="40" methods="23" coveredmethods="21"/>
      <file name="createCooldown.ts" path="/Users/olawal/Documents/GitHub/summer-challenge/src/lib/createCooldown.ts">
        <metrics statements="28" coveredstatements="26" conditionals="12" coveredconditionals="11" methods="5" coveredmethods="5"/>
        <line num="1" count="1" type="stmt"/>
        <line num="13" count="1" type="stmt"/>
        <line num="15" count="13" type="cond" truecount="1" falsecount="0"/>
        <line num="16" count="13" type="stmt"/>
        <line num="17" count="13" type="stmt"/>
        <line num="18" count="13" type="cond" truecount="2" falsecount="0"/>
        <line num="19" count="9" type="stmt"/>
        <line num="20" count="13" type="cond" truecount="0" falsecount="1"/>
        <line num="21" count="0" type="stmt"/>
        <line num="22" count="0" type="stmt"/>
        <line num="23" count="13" type="stmt"/>
        <line num="29" count="1" type="cond" truecount="1" falsecount="0"/>
        <line num="30" count="8" type="stmt"/>
        <line num="31" count="8" type="cond" truecount="2" falsecount="0"/>
        <line num="32" count="6" type="stmt"/>
        <line num="33" count="6" type="stmt"/>
        <line num="40" count="1" type="cond" truecount="1" falsecount="0"/>
        <line num="41" count="5" type="stmt"/>
        <line num="42" count="5" type="cond" truecount="2" falsecount="0"/>
        <line num="43" count="3" type="stmt"/>
        <line num="44" count="3" type="stmt"/>
        <line num="51" count="1" type="cond" truecount="1" falsecount="0"/>
        <line num="52" count="10" type="stmt"/>
        <line num="53" count="10" type="stmt"/>
        <line num="54" count="10" type="stmt"/>
        <line num="60" count="1" type="cond" truecount="1" falsecount="0"/>
        <line num="61" count="23" type="stmt"/>
        <line num="62" count="23" type="stmt"/>
      </file>
      <file name="dates.ts" path="/Users/olawal/Documents/GitHub/summer-challenge/src/lib/dates.ts">
        <metrics statements="66" coveredstatements="66" conditionals="25" coveredconditionals="24" methods="12" coveredmethods="12"/>
        <line num="1" count="1" type="stmt"/>
        <line num="27" count="1" type="cond" truecount="1" falsecount="0"/>
        <line num="28" count="28" type="stmt"/>
        <line num="29" count="28" type="stmt"/>
        <line num="39" count="1" type="cond" truecount="1" falsecount="0"/>
        <line num="40" count="25" type="stmt"/>
        <line num="41" count="25" type="stmt"/>
        <line num="47" count="1" type="cond" truecount="1" falsecount="0"/>
        <line num="48" count="11" type="stmt"/>
        <line num="49" count="11" type="stmt"/>
        <line num="59" count="1" type="cond" truecount="1" falsecount="0"/>
        <line num="60" count="192" type="stmt"/>
        <line num="61" count="192" type="stmt"/>
        <line num="62" count="192" type="stmt"/>
        <line num="63" count="192" type="stmt"/>
        <line num="69" count="1" type="cond" truecount="1" falsecount="0"/>
        <line num="70" count="129" type="stmt"/>
        <line num="71" count="129" type="stmt"/>
        <line num="72" count="129" type="stmt"/>
        <line num="73" count="129" type="stmt"/>
        <line num="79" count="1" type="cond" truecount="1" falsecount="0"/>
        <line num="80" count="3" type="cond" truecount="2" falsecount="0"/>
        <line num="81" count="3" type="cond" truecount="1" falsecount="0"/>
        <line num="82" count="1" type="stmt"/>
        <line num="83" count="1" type="stmt"/>
        <line num="94" count="1" type="cond" truecount="1" falsecount="0"/>
        <line num="95" count="7" type="stmt"/>
        <line num="96" count="7" type="stmt"/>
        <line num="97" count="7" type="stmt"/>
        <line num="98" count="7" type="stmt"/>
        <line num="99" count="7" type="cond" truecount="1" falsecount="0"/>
        <line num="100" count="7" type="stmt"/>
        <line num="105" count="1" type="cond" truecount="1" falsecount="0"/>
        <line num="106" count="2" type="stmt"/>
        <line num="107" count="2" type="stmt"/>
        <line num="112" count="1" type="cond" truecount="1" falsecount="0"/>
        <line num="113" count="2" type="stmt"/>
        <line num="114" count="2" type="stmt"/>
        <line num="125" count="1" type="cond" truecount="1" falsecount="0"/>
        <line num="126" count="93" type="stmt"/>
        <line num="127" count="93" type="cond" truecount="2" falsecount="0"/>
        <line num="128" count="91" type="stmt"/>
        <line num="129" count="91" type="stmt"/>
        <line num="136" count="1" type="cond" truecount="1" falsecount="0"/>
        <line num="137" count="87" type="stmt"/>
        <line num="138" count="87" type="stmt"/>
        <line num="139" count="87" type="stmt"/>
        <line num="140" count="87" type="stmt"/>
        <line num="141" count="87" type="stmt"/>
        <line num="142" count="87" type="stmt"/>
        <line num="143" count="87" type="stmt"/>
        <line num="156" count="1" type="cond" truecount="1" falsecount="0"/>
        <line num="157" count="7" type="cond" truecount="2" falsecount="0"/>
        <line num="158" count="6" type="stmt"/>
        <line num="159" count="7" type="cond" truecount="1" falsecount="0"/>
        <line num="160" count="10" type="stmt"/>
        <line num="161" count="10" type="stmt"/>
        <line num="162" count="10" type="cond" truecount="0" falsecount="1"/>
        <line num="163" count="10" type="cond" truecount="1" falsecount="0"/>
        <line num="164" count="7" type="stmt"/>
        <line num="165" count="10" type="cond" truecount="1" falsecount="0"/>
        <line num="166" count="3" type="stmt"/>
        <line num="167" count="3" type="stmt"/>
        <line num="168" count="10" type="cond" truecount="1" falsecount="0"/>
        <line num="169" count="6" type="stmt"/>
        <line num="170" count="6" type="stmt"/>
      </file>
      <file name="ownerAuth.ts" path="/Users/olawal/Documents/GitHub/summer-challenge/src/lib/ownerAuth.ts">
        <metrics statements="24" coveredstatements="24" conditionals="5" coveredconditionals="5" methods="4" coveredmethods="4"/>
        <line num="15" count="12" type="cond" truecount="1" falsecount="0"/>
        <line num="16" count="12" type="stmt"/>
        <line num="17" count="12" type="stmt"/>
        <line num="18" count="12" type="stmt"/>
        <line num="19" count="12" type="stmt"/>
        <line num="20" count="12" type="stmt"/>
        <line num="26" count="7" type="cond" truecount="1" falsecount="0"/>
        <line num="27" count="7" type="stmt"/>
        <line num="28" count="7" type="stmt"/>
        <line num="29" count="7" type="stmt"/>
        <line num="30" count="7" type="stmt"/>
        <line num="31" count="7" type="stmt"/>
        <line num="32" count="7" type="stmt"/>
        <line num="33" count="7" type="stmt"/>
        <line num="35" count="19" type="cond" truecount="1" falsecount="0"/>
        <line num="36" count="19" type="stmt"/>
        <line num="37" count="19" type="stmt"/>
        <line num="38" count="19" type="stmt"/>
        <line num="39" count="19" type="stmt"/>
        <line num="41" count="31" type="cond" truecount="1" falsecount="0"/>
        <line num="42" count="31" type="stmt"/>
        <line num="43" count="31" type="cond" truecount="1" falsecount="0"/>
        <line num="44" count="31" type="stmt"/>
        <line num="45" count="31" type="stmt"/>
      </file>
      <file name="recentChallenges.ts" path="/Users/olawal/Documents/GitHub/summer-challenge/src/lib/recentChallenges.ts">
        <metrics statements="30" coveredstatements="0" conditionals="1" coveredconditionals="0" methods="1" coveredmethods="0"/>
        <line num="1" count="0" type="cond" truecount="0" falsecount="1"/>
        <line num="14" count="0" type="stmt"/>
        <line num="16" count="0" type="stmt"/>
        <line num="17" count="0" type="stmt"/>
        <line num="18" count="0" type="stmt"/>
        <line num="19" count="0" type="stmt"/>
        <line num="20" count="0" type="stmt"/>
        <line num="21" count="0" type="stmt"/>
        <line num="22" count="0" type="stmt"/>
        <line num="23" count="0" type="stmt"/>
        <line num="24" count="0" type="stmt"/>
        <line num="26" count="0" type="stmt"/>
        <line num="27" count="0" type="stmt"/>
        <line num="28" count="0" type="stmt"/>
        <line num="33" count="0" type="stmt"/>
        <line num="34" count="0" type="stmt"/>
        <line num="35" count="0" type="stmt"/>
        <line num="41" count="0" type="stmt"/>
        <line num="42" count="0" type="stmt"/>
        <line num="43" count="0" type="stmt"/>
        <line num="44" count="0" type="stmt"/>
        <line num="45" count="0" type="stmt"/>
        <line num="46" count="0" type="stmt"/>
        <line num="51" count="0" type="stmt"/>
        <line num="52" count="0" type="stmt"/>
        <line num="53" count="0" type="stmt"/>
        <line num="54" count="0" type="stmt"/>
        <line num="59" count="0" type="stmt"/>
        <line num="60" count="0" type="stmt"/>
        <line num="61" count="0" type="stmt"/>
      </file>
      <file name="selectedMember.ts" path="/Users/olawal/Documents/GitHub/summer-challenge/src/lib/selectedMember.ts">
        <metrics statements="10" coveredstatements="0" conditionals="1" coveredconditionals="0" methods="1" coveredmethods="0"/>
        <line num="1" count="0" type="cond" truecount="0" falsecount="1"/>
        <line num="17" count="0" type="stmt"/>
        <line num="18" count="0" type="stmt"/>
        <line num="19" count="0" type="stmt"/>
        <line num="24" count="0" type="stmt"/>
        <line num="25" count="0" type="stmt"/>
        <line num="26" count="0" type="stmt"/>
        <line num="32" count="0" type="stmt"/>
        <line num="33" count="0" type="stmt"/>
        <line num="34" count="0" type="stmt"/>
      </file>
    </package>
    <package name="src.lib.rules">
      <metrics statements="569" coveredstatements="548" conditionals="192" coveredconditionals="180" methods="25" coveredmethods="24"/>
      <file name="aggregate.ts" path="/Users/olawal/Documents/GitHub/summer-challenge/src/lib/rules/aggregate.ts">
        <metrics statements="203" coveredstatements="194" conditionals="65" coveredconditionals="59" methods="6" coveredmethods="5"/>
        <line num="1" count="1" type="stmt"/>
        <line num="39" count="1" type="cond" truecount="1" falsecount="0"/>
        <line num="40" count="20" type="stmt"/>
        <line num="41" count="20" type="stmt"/>
        <line num="42" count="20" type="stmt"/>
        <line num="43" count="20" type="stmt"/>
        <line num="44" count="20" type="cond" truecount="1" falsecount="0"/>
        <line num="45" count="2" type="stmt"/>
        <line num="46" count="2" type="cond" truecount="1" falsecount="0"/>
        <line num="49" count="18" type="cond" truecount="1" falsecount="2"/>
        <line num="52" count="18" type="cond" truecount="1" falsecount="0"/>
        <line num="53" count="42" type="stmt"/>
        <line num="54" count="18" type="stmt"/>
        <line num="57" count="18" type="stmt"/>
        <line num="58" count="18" type="cond" truecount="1" falsecount="0"/>
        <line num="59" count="18" type="stmt"/>
        <line num="62" count="18" type="stmt"/>
        <line num="63" count="18" type="stmt"/>
        <line num="64" count="18" type="cond" truecount="1" falsecount="0"/>
        <line num="65" count="18" type="cond" truecount="1" falsecount="0"/>
        <line num="66" count="18" type="stmt"/>
        <line num="69" count="18" type="stmt"/>
        <line num="70" count="20" type="cond" truecount="1" falsecount="0"/>
        <line num="71" count="1" type="cond" truecount="1" falsecount="0"/>
        <line num="72" count="2" type="stmt"/>
        <line num="73" count="2" type="stmt"/>
        <line num="74" count="2" type="stmt"/>
        <line num="75" count="2" type="stmt"/>
        <line num="76" count="1" type="cond" truecount="1" falsecount="0"/>
        <line num="79" count="18" type="stmt"/>
        <line num="82" count="18" type="stmt"/>
        <line num="83" count="18" type="stmt"/>
        <line num="85" count="20" type="cond" truecount="1" falsecount="0"/>
        <line num="86" count="42" type="cond" truecount="1" falsecount="0"/>
        <line num="88" count="68" type="cond" truecount="1" falsecount="0"/>
        <line num="89" count="2" type="stmt"/>
        <line num="90" count="2" type="cond" truecount="1" falsecount="0"/>
        <line num="91" count="2" type="cond" truecount="1" falsecount="0"/>
        <line num="93" count="67" type="stmt"/>
        <line num="94" count="68" type="cond" truecount="1" falsecount="0"/>
        <line num="95" count="68" type="stmt"/>
        <line num="96" count="68" type="stmt"/>
        <line num="99" count="42" type="stmt"/>
        <line num="100" count="42" type="cond" truecount="1" falsecount="0"/>
        <line num="101" count="6" type="stmt"/>
        <line num="102" count="6" type="cond" truecount="0" falsecount="1"/>
        <line num="103" count="6" type="stmt"/>
        <line num="104" count="6" type="stmt"/>
        <line num="105" count="6" type="stmt"/>
        <line num="106" count="42" type="cond" truecount="1" falsecount="0"/>
        <line num="108" count="18" type="stmt"/>
        <line num="109" count="18" type="stmt"/>
        <line num="110" count="18" type="stmt"/>
        <line num="111" count="18" type="stmt"/>
        <line num="112" count="18" type="stmt"/>
        <line num="113" count="18" type="stmt"/>
        <line num="114" count="18" type="stmt"/>
        <line num="115" count="18" type="stmt"/>
        <line num="116" count="18" type="stmt"/>
        <line num="126" count="1" type="cond" truecount="1" falsecount="0"/>
        <line num="127" count="7" type="stmt"/>
        <line num="128" count="7" type="stmt"/>
        <line num="129" count="7" type="stmt"/>
        <line num="130" count="7" type="stmt"/>
        <line num="131" count="7" type="cond" truecount="1" falsecount="0"/>
        <line num="134" count="7" type="stmt"/>
        <line num="135" count="7" type="cond" truecount="1" falsecount="0"/>
        <line num="136" count="14" type="cond" truecount="1" falsecount="0"/>
        <line num="137" count="14" type="stmt"/>
        <line num="138" count="14" type="stmt"/>
        <line num="139" count="14" type="stmt"/>
        <line num="142" count="7" type="cond" truecount="1" falsecount="0"/>
        <line num="143" count="11" type="cond" truecount="1" falsecount="0"/>
        <line num="144" count="11" type="stmt"/>
        <line num="145" count="7" type="stmt"/>
        <line num="148" count="7" type="cond" truecount="1" falsecount="0"/>
        <line num="152" count="7" type="stmt"/>
        <line num="153" count="7" type="cond" truecount="1" falsecount="0"/>
        <line num="154" count="11" type="stmt"/>
        <line num="155" count="11" type="cond" truecount="2" falsecount="0"/>
        <line num="156" count="11" type="cond" truecount="2" falsecount="0"/>
        <line num="157" count="3" type="stmt"/>
        <line num="158" count="3" type="stmt"/>
        <line num="159" count="11" type="stmt"/>
        <line num="160" count="11" type="stmt"/>
        <line num="162" count="7" type="cond" truecount="1" falsecount="0"/>
        <line num="163" count="14" type="cond" truecount="1" falsecount="0"/>
        <line num="164" count="14" type="stmt"/>
        <line num="165" count="7" type="stmt"/>
        <line num="167" count="7" type="stmt"/>
        <line num="168" count="7" type="stmt"/>
        <line num="169" count="7" type="stmt"/>
        <line num="170" count="7" type="stmt"/>
        <line num="171" count="7" type="stmt"/>
        <line num="172" count="7" type="stmt"/>
        <line num="182" count="1" type="cond" truecount="1" falsecount="0"/>
        <line num="183" count="3" type="stmt"/>
        <line num="184" count="3" type="stmt"/>
        <line num="185" count="3" type="stmt"/>
        <line num="186" count="3" type="stmt"/>
        <line num="187" count="3" type="stmt"/>
        <line num="188" count="3" type="stmt"/>
        <line num="189" count="3" type="stmt"/>
        <line num="191" count="3" type="stmt"/>
        <line num="192" count="3" type="cond" truecount="1" falsecount="0"/>
        <line num="193" count="3" type="stmt"/>
        <line num="195" count="3" type="stmt"/>
        <line num="196" count="3" type="stmt"/>
        <line num="197" count="3" type="stmt"/>
        <line num="198" count="3" type="stmt"/>
        <line num="200" count="3" type="stmt"/>
        <line num="201" count="3" type="stmt"/>
        <line num="203" count="3" type="cond" truecount="1" falsecount="0"/>
        <line num="204" count="2" type="cond" truecount="0" falsecount="1"/>
        <line num="207" count="2" type="stmt"/>
        <line num="208" count="2" type="cond" truecount="2" falsecount="0"/>
        <line num="209" count="2" type="stmt"/>
        <line num="210" count="2" type="stmt"/>
        <line num="211" count="2" type="cond" truecount="1" falsecount="0"/>
        <line num="212" count="5" type="stmt"/>
        <line num="213" count="5" type="cond" truecount="1" falsecount="0"/>
        <line num="214" count="5" type="stmt"/>
        <line num="216" count="5" type="cond" truecount="1" falsecount="0"/>
        <line num="217" count="5" type="stmt"/>
        <line num="218" count="5" type="stmt"/>
        <line num="219" count="2" type="stmt"/>
        <line num="220" count="2" type="cond" truecount="0" falsecount="1"/>
        <line num="221" count="0" type="stmt"/>
        <line num="222" count="0" type="stmt"/>
        <line num="225" count="2" type="cond" truecount="0" falsecount="1"/>
        <line num="226" count="2" type="cond" truecount="2" falsecount="0"/>
        <line num="227" count="2" type="cond" truecount="1" falsecount="0"/>
        <line num="228" count="2" type="stmt"/>
        <line num="229" count="2" type="stmt"/>
        <line num="230" count="2" type="stmt"/>
        <line num="232" count="3" type="stmt"/>
        <line num="233" count="3" type="stmt"/>
        <line num="243" count="1" type="stmt"/>
        <line num="244" count="0" type="stmt"/>
        <line num="245" count="0" type="stmt"/>
        <line num="246" count="0" type="stmt"/>
        <line num="247" count="0" type="stmt"/>
        <line num="248" count="0" type="stmt"/>
        <line num="249" count="0" type="stmt"/>
        <line num="250" count="0" type="stmt"/>
        <line num="265" count="18" type="cond" truecount="1" falsecount="0"/>
        <line num="266" count="18" type="stmt"/>
        <line num="267" count="18" type="stmt"/>
        <line num="268" count="18" type="stmt"/>
        <line num="269" count="18" type="stmt"/>
        <line num="271" count="18" type="cond" truecount="1" falsecount="0"/>
        <line num="273" count="5" type="stmt"/>
        <line num="274" count="5" type="cond" truecount="1" falsecount="0"/>
        <line num="275" count="24" type="stmt"/>
        <line num="276" count="24" type="cond" truecount="1" falsecount="0"/>
        <line num="277" count="23" type="stmt"/>
        <line num="278" count="23" type="stmt"/>
        <line num="279" count="24" type="stmt"/>
        <line num="282" count="5" type="stmt"/>
        <line num="283" count="5" type="stmt"/>
        <line num="285" count="5" type="cond" truecount="1" falsecount="0"/>
        <line num="286" count="23" type="stmt"/>
        <line num="287" count="23" type="cond" truecount="2" falsecount="0"/>
        <line num="289" count="23" type="cond" truecount="2" falsecount="0"/>
        <line num="290" count="16" type="stmt"/>
        <line num="291" count="23" type="cond" truecount="1" falsecount="0"/>
        <line num="292" count="7" type="stmt"/>
        <line num="293" count="7" type="cond" truecount="1" falsecount="0"/>
        <line num="294" count="7" type="stmt"/>
        <line num="296" count="23" type="cond" truecount="1" falsecount="0"/>
        <line num="297" count="6" type="cond" truecount="1" falsecount="0"/>
        <line num="299" count="6" type="stmt"/>
        <line num="300" count="6" type="stmt"/>
        <line num="301" count="6" type="stmt"/>
        <line num="302" count="6" type="stmt"/>
        <line num="303" count="6" type="stmt"/>
        <line num="304" count="6" type="stmt"/>
        <line num="305" count="6" type="stmt"/>
        <line num="306" count="6" type="stmt"/>
        <line num="307" count="6" type="stmt"/>
        <line num="308" count="6" type="stmt"/>
        <line num="309" count="6" type="cond" truecount="1" falsecount="0"/>
        <line num="310" count="2" type="stmt"/>
        <line num="311" count="2" type="stmt"/>
        <line num="312" count="6" type="stmt"/>
        <line num="313" count="23" type="stmt"/>
        <line num="314" count="5" type="stmt"/>
        <line num="316" count="18" type="stmt"/>
        <line num="317" count="18" type="stmt"/>
        <line num="323" count="2" type="cond" truecount="1" falsecount="0"/>
        <line num="324" count="2" type="stmt"/>
        <line num="325" count="2" type="stmt"/>
        <line num="326" count="2" type="stmt"/>
        <line num="327" count="2" type="stmt"/>
        <line num="328" count="2" type="stmt"/>
        <line num="329" count="2" type="stmt"/>
        <line num="330" count="2" type="stmt"/>
        <line num="331" count="2" type="stmt"/>
        <line num="332" count="2" type="stmt"/>
        <line num="333" count="2" type="stmt"/>
        <line num="334" count="2" type="stmt"/>
        <line num="335" count="2" type="stmt"/>
        <line num="336" count="2" type="stmt"/>
      </file>
      <file name="evaluate.ts" path="/Users/olawal/Documents/GitHub/summer-challenge/src/lib/rules/evaluate.ts">
        <metrics statements="207" coveredstatements="195" conditionals="77" coveredconditionals="71" methods="8" coveredmethods="8"/>
        <line num="1" count="1" type="stmt"/>
        <line num="52" count="1" type="cond" truecount="1" falsecount="0"/>
        <line num="53" count="80" type="stmt"/>
        <line num="54" count="80" type="stmt"/>
        <line num="55" count="80" type="stmt"/>
        <line num="56" count="80" type="stmt"/>
        <line num="57" count="80" type="stmt"/>
        <line num="58" count="80" type="stmt"/>
        <line num="59" count="80" type="stmt"/>
        <line num="60" count="80" type="stmt"/>
        <line num="61" count="80" type="stmt"/>
        <line num="64" count="80" type="cond" truecount="1" falsecount="0"/>
        <line num="65" count="108" type="cond" truecount="1" falsecount="0"/>
        <line num="66" count="25" type="stmt"/>
        <line num="67" count="25" type="stmt"/>
        <line num="68" count="25" type="cond" truecount="1" falsecount="0"/>
        <line num="70" count="83" type="stmt"/>
        <line num="71" count="83" type="stmt"/>
        <line num="72" count="83" type="stmt"/>
        <line num="73" count="83" type="stmt"/>
        <line num="75" count="80" type="stmt"/>
        <line num="76" count="80" type="stmt"/>
        <line num="77" count="80" type="stmt"/>
        <line num="78" count="80" type="stmt"/>
        <line num="79" count="80" type="stmt"/>
        <line num="80" count="80" type="stmt"/>
        <line num="81" count="80" type="stmt"/>
        <line num="82" count="80" type="stmt"/>
        <line num="92" count="1" type="cond" truecount="1" falsecount="0"/>
        <line num="93" count="83" type="stmt"/>
        <line num="94" count="83" type="stmt"/>
        <line num="95" count="83" type="stmt"/>
        <line num="96" count="83" type="stmt"/>
        <line num="97" count="83" type="stmt"/>
        <line num="98" count="83" type="stmt"/>
        <line num="99" count="83" type="stmt"/>
        <line num="100" count="83" type="cond" truecount="1" falsecount="0"/>
        <line num="101" count="51" type="stmt"/>
        <line num="102" count="83" type="cond" truecount="1" falsecount="0"/>
        <line num="103" count="9" type="stmt"/>
        <line num="104" count="83" type="cond" truecount="1" falsecount="0"/>
        <line num="105" count="6" type="stmt"/>
        <line num="106" count="83" type="cond" truecount="1" falsecount="0"/>
        <line num="107" count="8" type="stmt"/>
        <line num="108" count="83" type="cond" truecount="1" falsecount="0"/>
        <line num="109" count="9" type="stmt"/>
        <line num="110" count="83" type="stmt"/>
        <line num="111" count="83" type="stmt"/>
        <line num="117" count="51" type="cond" truecount="1" falsecount="0"/>
        <line num="118" count="51" type="stmt"/>
        <line num="119" count="51" type="stmt"/>
        <line num="120" count="51" type="stmt"/>
        <line num="121" count="51" type="stmt"/>
        <line num="122" count="51" type="stmt"/>
        <line num="123" count="51" type="stmt"/>
        <line num="125" count="51" type="cond" truecount="1" falsecount="0"/>
        <line num="126" count="1" type="stmt"/>
        <line num="127" count="1" type="cond" truecount="1" falsecount="0"/>
        <line num="129" count="51" type="cond" truecount="2" falsecount="1"/>
        <line num="130" count="0" type="stmt"/>
        <line num="131" count="0" type="cond" truecount="1" falsecount="0"/>
        <line num="133" count="50" type="stmt"/>
        <line num="134" count="51" type="cond" truecount="2" falsecount="0"/>
        <line num="135" count="6" type="cond" truecount="2" falsecount="0"/>
        <line num="136" count="5" type="stmt"/>
        <line num="138" count="51" type="stmt"/>
        <line num="139" count="51" type="stmt"/>
        <line num="142" count="51" type="cond" truecount="1" falsecount="0"/>
        <line num="143" count="51" type="cond" truecount="3" falsecount="0"/>
        <line num="144" count="7" type="stmt"/>
        <line num="145" count="7" type="stmt"/>
        <line num="146" count="7" type="stmt"/>
        <line num="147" count="7" type="stmt"/>
        <line num="148" count="7" type="stmt"/>
        <line num="149" count="7" type="stmt"/>
        <line num="150" count="7" type="cond" truecount="1" falsecount="0"/>
        <line num="151" count="3" type="stmt"/>
        <line num="152" count="3" type="stmt"/>
        <line num="153" count="3" type="stmt"/>
        <line num="154" count="3" type="stmt"/>
        <line num="155" count="3" type="stmt"/>
        <line num="156" count="3" type="stmt"/>
        <line num="157" count="3" type="stmt"/>
        <line num="158" count="3" type="stmt"/>
        <line num="159" count="3" type="stmt"/>
        <line num="160" count="3" type="stmt"/>
        <line num="161" count="3" type="stmt"/>
        <line num="162" count="3" type="cond" truecount="1" falsecount="0"/>
        <line num="163" count="4" type="stmt"/>
        <line num="164" count="4" type="stmt"/>
        <line num="166" count="51" type="cond" truecount="1" falsecount="0"/>
        <line num="167" count="51" type="stmt"/>
        <line num="173" count="9" type="cond" truecount="1" falsecount="0"/>
        <line num="174" count="9" type="stmt"/>
        <line num="176" count="9" type="cond" truecount="1" falsecount="0"/>
        <line num="177" count="2" type="stmt"/>
        <line num="178" count="2" type="cond" truecount="1" falsecount="0"/>
        <line num="180" count="9" type="cond" truecount="1" falsecount="1"/>
        <line num="181" count="0" type="stmt"/>
        <line num="182" count="0" type="cond" truecount="1" falsecount="0"/>
        <line num="184" count="7" type="stmt"/>
        <line num="185" count="7" type="stmt"/>
        <line num="187" count="9" type="cond" truecount="2" falsecount="0"/>
        <line num="188" count="4" type="stmt"/>
        <line num="189" count="8" type="cond" truecount="1" falsecount="0"/>
        <line num="190" count="3" type="stmt"/>
        <line num="191" count="3" type="cond" truecount="1" falsecount="0"/>
        <line num="193" count="7" type="stmt"/>
        <line num="194" count="7" type="stmt"/>
        <line num="200" count="6" type="cond" truecount="1" falsecount="0"/>
        <line num="201" count="6" type="stmt"/>
        <line num="203" count="6" type="cond" truecount="1" falsecount="0"/>
        <line num="204" count="1" type="stmt"/>
        <line num="205" count="1" type="cond" truecount="1" falsecount="0"/>
        <line num="207" count="6" type="cond" truecount="0" falsecount="1"/>
        <line num="208" count="0" type="stmt"/>
        <line num="209" count="0" type="cond" truecount="1" falsecount="0"/>
        <line num="211" count="6" type="cond" truecount="1" falsecount="0"/>
        <line num="212" count="6" type="cond" truecount="2" falsecount="0"/>
        <line num="213" count="6" type="cond" truecount="1" falsecount="0"/>
        <line num="214" count="3" type="cond" truecount="1" falsecount="0"/>
        <line num="215" count="2" type="stmt"/>
        <line num="217" count="6" type="stmt"/>
        <line num="218" count="6" type="stmt"/>
        <line num="224" count="8" type="cond" truecount="1" falsecount="0"/>
        <line num="225" count="8" type="stmt"/>
        <line num="226" count="8" type="stmt"/>
        <line num="227" count="8" type="stmt"/>
        <line num="228" count="8" type="stmt"/>
        <line num="229" count="8" type="stmt"/>
        <line num="230" count="8" type="stmt"/>
        <line num="232" count="8" type="cond" truecount="1" falsecount="0"/>
        <line num="233" count="1" type="stmt"/>
        <line num="234" count="1" type="cond" truecount="1" falsecount="0"/>
        <line num="236" count="8" type="cond" truecount="2" falsecount="1"/>
        <line num="237" count="0" type="stmt"/>
        <line num="238" count="0" type="cond" truecount="1" falsecount="0"/>
        <line num="240" count="8" type="cond" truecount="1" falsecount="0"/>
        <line num="241" count="1" type="stmt"/>
        <line num="242" count="1" type="cond" truecount="1" falsecount="0"/>
        <line num="244" count="8" type="cond" truecount="1" falsecount="0"/>
        <line num="245" count="1" type="stmt"/>
        <line num="246" count="1" type="stmt"/>
        <line num="247" count="1" type="stmt"/>
        <line num="248" count="1" type="stmt"/>
        <line num="249" count="1" type="stmt"/>
        <line num="250" count="1" type="stmt"/>
        <line num="251" count="1" type="cond" truecount="1" falsecount="0"/>
        <line num="254" count="8" type="cond" truecount="1" falsecount="0"/>
        <line num="255" count="4" type="stmt"/>
        <line num="256" count="4" type="stmt"/>
        <line num="257" count="4" type="stmt"/>
        <line num="258" count="4" type="stmt"/>
        <line num="259" count="4" type="stmt"/>
        <line num="260" count="4" type="stmt"/>
        <line num="261" count="4" type="cond" truecount="1" falsecount="0"/>
        <line num="262" count="2" type="stmt"/>
        <line num="263" count="2" type="stmt"/>
        <line num="264" count="2" type="stmt"/>
        <line num="265" count="2" type="stmt"/>
        <line num="266" count="2" type="stmt"/>
        <line num="267" count="2" type="stmt"/>
        <line num="268" count="2" type="stmt"/>
        <line num="269" count="2" type="stmt"/>
        <line num="270" count="4" type="cond" truecount="1" falsecount="0"/>
        <line num="272" count="3" type="stmt"/>
        <line num="273" count="3" type="stmt"/>
        <line num="274" count="3" type="stmt"/>
        <line num="275" count="3" type="stmt"/>
        <line num="276" count="3" type="stmt"/>
        <line num="277" count="3" type="stmt"/>
        <line num="278" count="3" type="stmt"/>
        <line num="284" count="9" type="cond" truecount="1" falsecount="0"/>
        <line num="285" count="9" type="stmt"/>
        <line num="287" count="9" type="cond" truecount="1" falsecount="0"/>
        <line num="288" count="1" type="stmt"/>
        <line num="289" count="1" type="cond" truecount="1" falsecount="0"/>
        <line num="291" count="9" type="cond" truecount="0" falsecount="1"/>
        <line num="292" count="0" type="stmt"/>
        <line num="293" count="0" type="cond" truecount="1" falsecount="0"/>
        <line num="295" count="8" type="stmt"/>
        <line num="296" count="9" type="cond" truecount="2" falsecount="0"/>
        <line num="298" count="1" type="stmt"/>
        <line num="299" count="1" type="cond" truecount="1" falsecount="0"/>
        <line num="301" count="7" type="stmt"/>
        <line num="302" count="9" type="cond" truecount="0" falsecount="1"/>
        <line num="303" count="0" type="stmt"/>
        <line num="304" count="0" type="cond" truecount="1" falsecount="0"/>
        <line num="306" count="7" type="stmt"/>
        <line num="307" count="7" type="cond" truecount="1" falsecount="0"/>
        <line num="308" count="6" type="cond" truecount="1" falsecount="0"/>
        <line num="309" count="1" type="stmt"/>
        <line num="311" count="9" type="stmt"/>
        <line num="312" count="9" type="stmt"/>
        <line num="314" count="9" type="stmt"/>
        <line num="315" count="9" type="stmt"/>
        <line num="316" count="9" type="stmt"/>
        <line num="318" count="9" type="stmt"/>
        <line num="319" count="9" type="stmt"/>
        <line num="329" count="1" type="cond" truecount="1" falsecount="0"/>
        <line num="330" count="4" type="stmt"/>
        <line num="331" count="4" type="stmt"/>
        <line num="332" count="4" type="stmt"/>
        <line num="333" count="4" type="cond" truecount="2" falsecount="0"/>
        <line num="334" count="3" type="stmt"/>
        <line num="335" count="3" type="stmt"/>
        <line num="336" count="3" type="stmt"/>
      </file>
      <file name="kinds.ts" path="/Users/olawal/Documents/GitHub/summer-challenge/src/lib/rules/kinds.ts">
        <metrics statements="93" coveredstatements="93" conditionals="48" coveredconditionals="48" methods="9" coveredmethods="9"/>
        <line num="24" count="1" type="cond" truecount="1" falsecount="0"/>
        <line num="25" count="23" type="stmt"/>
        <line num="26" count="23" type="cond" truecount="1" falsecount="0"/>
        <line num="27" count="4" type="stmt"/>
        <line num="28" count="23" type="cond" truecount="1" falsecount="0"/>
        <line num="29" count="5" type="stmt"/>
        <line num="30" count="23" type="cond" truecount="1" falsecount="0"/>
        <line num="31" count="4" type="stmt"/>
        <line num="32" count="23" type="cond" truecount="1" falsecount="0"/>
        <line num="33" count="5" type="stmt"/>
        <line num="34" count="23" type="cond" truecount="1" falsecount="0"/>
        <line num="35" count="1" type="stmt"/>
        <line num="36" count="23" type="cond" truecount="1" falsecount="0"/>
        <line num="37" count="4" type="stmt"/>
        <line num="38" count="23" type="stmt"/>
        <line num="39" count="23" type="stmt"/>
        <line num="41" count="4" type="cond" truecount="1" falsecount="0"/>
        <line num="42" count="4" type="cond" truecount="3" falsecount="0"/>
        <line num="43" count="1" type="stmt"/>
        <line num="44" count="1" type="cond" truecount="1" falsecount="0"/>
        <line num="45" count="3" type="stmt"/>
        <line num="46" count="3" type="stmt"/>
        <line num="48" count="5" type="cond" truecount="1" falsecount="0"/>
        <line num="49" count="5" type="cond" truecount="2" falsecount="0"/>
        <line num="50" count="2" type="stmt"/>
        <line num="51" count="2" type="cond" truecount="1" falsecount="0"/>
        <line num="52" count="5" type="cond" truecount="1" falsecount="0"/>
        <line num="53" count="1" type="stmt"/>
        <line num="54" count="1" type="cond" truecount="1" falsecount="0"/>
        <line num="55" count="2" type="stmt"/>
        <line num="56" count="2" type="stmt"/>
        <line num="58" count="4" type="cond" truecount="1" falsecount="0"/>
        <line num="59" count="4" type="cond" truecount="1" falsecount="0"/>
        <line num="60" count="1" type="stmt"/>
        <line num="61" count="1" type="cond" truecount="1" falsecount="0"/>
        <line num="62" count="4" type="cond" truecount="1" falsecount="0"/>
        <line num="63" count="1" type="stmt"/>
        <line num="64" count="1" type="cond" truecount="1" falsecount="0"/>
        <line num="65" count="2" type="stmt"/>
        <line num="66" count="2" type="stmt"/>
        <line num="68" count="5" type="cond" truecount="1" falsecount="0"/>
        <line num="69" count="5" type="cond" truecount="3" falsecount="0"/>
        <line num="70" count="2" type="stmt"/>
        <line num="71" count="2" type="cond" truecount="1" falsecount="0"/>
        <line num="72" count="3" type="stmt"/>
        <line num="73" count="3" type="stmt"/>
        <line num="75" count="4" type="cond" truecount="1" falsecount="0"/>
        <line num="76" count="4" type="cond" truecount="2" falsecount="0"/>
        <line num="77" count="1" type="stmt"/>
        <line num="78" count="1" type="cond" truecount="1" falsecount="0"/>
        <line num="79" count="4" type="cond" truecount="1" falsecount="0"/>
        <line num="80" count="1" type="stmt"/>
        <line num="81" count="1" type="cond" truecount="1" falsecount="0"/>
        <line num="82" count="2" type="stmt"/>
        <line num="83" count="2" type="stmt"/>
        <line num="93" count="1" type="cond" truecount="1" falsecount="0"/>
        <line num="94" count="7" type="stmt"/>
        <line num="95" count="7" type="cond" truecount="1" falsecount="0"/>
        <line num="96" count="10" type="cond" truecount="1" falsecount="0"/>
        <line num="97" count="10" type="stmt"/>
        <line num="98" count="7" type="stmt"/>
        <line num="99" count="7" type="stmt"/>
        <line num="115" count="1" type="cond" truecount="1" falsecount="0"/>
        <line num="116" count="12" type="stmt"/>
        <line num="117" count="12" type="stmt"/>
        <line num="118" count="12" type="stmt"/>
        <line num="119" count="12" type="stmt"/>
        <line num="120" count="12" type="stmt"/>
        <line num="121" count="12" type="stmt"/>
        <line num="122" count="12" type="cond" truecount="1" falsecount="0"/>
        <line num="123" count="33" type="cond" truecount="2" falsecount="0"/>
        <line num="124" count="20" type="stmt"/>
        <line num="125" count="20" type="cond" truecount="2" falsecount="0"/>
        <line num="126" count="19" type="stmt"/>
        <line num="127" count="19" type="stmt"/>
        <line num="128" count="20" type="stmt"/>
        <line num="129" count="33" type="stmt"/>
        <line num="130" count="12" type="stmt"/>
        <line num="131" count="12" type="stmt"/>
        <line num="144" count="1" type="cond" truecount="1" falsecount="0"/>
        <line num="145" count="8" type="stmt"/>
        <line num="146" count="8" type="stmt"/>
        <line num="147" count="8" type="stmt"/>
        <line num="148" count="8" type="stmt"/>
        <line num="149" count="8" type="stmt"/>
        <line num="150" count="8" type="stmt"/>
        <line num="151" count="8" type="cond" truecount="1" falsecount="0"/>
        <line num="152" count="12" type="cond" truecount="2" falsecount="0"/>
        <line num="153" count="6" type="cond" truecount="1" falsecount="0"/>
        <line num="154" count="6" type="stmt"/>
        <line num="155" count="12" type="stmt"/>
        <line num="156" count="8" type="stmt"/>
        <line num="157" count="8" type="stmt"/>
      </file>
      <file name="presets.ts" path="/Users/olawal/Documents/GitHub/summer-challenge/src/lib/rules/presets.ts">
        <metrics statements="66" coveredstatements="66" conditionals="2" coveredconditionals="2" methods="2" coveredmethods="2"/>
        <line num="27" count="1" type="cond" truecount="1" falsecount="0"/>
        <line num="28" count="1" type="stmt"/>
        <line num="29" count="1" type="stmt"/>
        <line num="30" count="1" type="stmt"/>
        <line num="31" count="1" type="stmt"/>
        <line num="32" count="1" type="stmt"/>
        <line num="33" count="1" type="stmt"/>
        <line num="34" count="1" type="stmt"/>
        <line num="35" count="1" type="stmt"/>
        <line num="36" count="1" type="stmt"/>
        <line num="37" count="1" type="stmt"/>
        <line num="38" count="1" type="stmt"/>
        <line num="39" count="1" type="stmt"/>
        <line num="40" count="1" type="stmt"/>
        <line num="41" count="1" type="stmt"/>
        <line num="42" count="1" type="stmt"/>
        <line num="43" count="1" type="stmt"/>
        <line num="44" count="1" type="stmt"/>
        <line num="45" count="1" type="stmt"/>
        <line num="46" count="1" type="stmt"/>
        <line num="47" count="1" type="stmt"/>
        <line num="48" count="1" type="stmt"/>
        <line num="49" count="1" type="stmt"/>
        <line num="50" count="1" type="stmt"/>
        <line num="51" count="1" type="stmt"/>
        <line num="52" count="1" type="stmt"/>
        <line num="53" count="1" type="stmt"/>
        <line num="54" count="1" type="stmt"/>
        <line num="55" count="1" type="stmt"/>
        <line num="56" count="1" type="stmt"/>
        <line num="57" count="1" type="stmt"/>
        <line num="58" count="1" type="stmt"/>
        <line num="59" count="1" type="stmt"/>
        <line num="60" count="1" type="stmt"/>
        <line num="61" count="1" type="stmt"/>
        <line num="62" count="1" type="stmt"/>
        <line num="63" count="1" type="stmt"/>
        <line num="64" count="1" type="stmt"/>
        <line num="65" count="1" type="stmt"/>
        <line num="66" count="1" type="stmt"/>
        <line num="67" count="1" type="stmt"/>
        <line num="68" count="1" type="stmt"/>
        <line num="69" count="1" type="stmt"/>
        <line num="70" count="1" type="stmt"/>
        <line num="71" count="1" type="stmt"/>
        <line num="72" count="1" type="stmt"/>
        <line num="73" count="1" type="stmt"/>
        <line num="74" count="1" type="stmt"/>
        <line num="75" count="1" type="stmt"/>
        <line num="76" count="1" type="stmt"/>
        <line num="90" count="1" type="cond" truecount="1" falsecount="0"/>
        <line num="91" count="6" type="stmt"/>
        <line num="92" count="6" type="stmt"/>
        <line num="93" count="6" type="stmt"/>
        <line num="94" count="6" type="stmt"/>
        <line num="95" count="6" type="stmt"/>
        <line num="96" count="6" type="stmt"/>
        <line num="97" count="6" type="stmt"/>
        <line num="98" count="6" type="stmt"/>
        <line num="99" count="6" type="stmt"/>
        <line num="100" count="6" type="stmt"/>
        <line num="101" count="6" type="stmt"/>
        <line num="102" count="6" type="stmt"/>
        <line num="103" count="6" type="stmt"/>
        <line num="104" count="6" type="stmt"/>
        <line num="105" count="6" type="stmt"/>
      </file>
    </package>
    <package name="src.theme">
      <metrics statements="45" coveredstatements="0" conditionals="3" coveredconditionals="1" methods="3" coveredmethods="1"/>
      <file name="AppThemeProvider.tsx" path="/Users/olawal/Documents/GitHub/summer-challenge/src/theme/AppThemeProvider.tsx">
        <metrics statements="4" coveredstatements="0" conditionals="1" coveredconditionals="0" methods="1" coveredmethods="0"/>
        <line num="1" count="0" type="cond" truecount="0" falsecount="1"/>
        <line num="5" count="0" type="stmt"/>
        <line num="6" count="0" type="stmt"/>
        <line num="7" count="0" type="stmt"/>
      </file>
      <file name="GlobalStyle.tsx" path="/Users/olawal/Documents/GitHub/summer-challenge/src/theme/GlobalStyle.tsx">
        <metrics statements="5" coveredstatements="0" conditionals="1" coveredconditionals="0" methods="1" coveredmethods="0"/>
        <line num="1" count="0" type="cond" truecount="0" falsecount="1"/>
        <line num="3" count="0" type="stmt"/>
        <line num="13" count="0" type="stmt"/>
        <line num="14" count="0" type="stmt"/>
        <line num="15" count="0" type="stmt"/>
      </file>
      <file name="theme.ts" path="/Users/olawal/Documents/GitHub/summer-challenge/src/theme/theme.ts">
        <metrics statements="36" coveredstatements="0" conditionals="1" coveredconditionals="1" methods="1" coveredmethods="1"/>
        <line num="38" count="0" type="stmt"/>
        <line num="39" count="0" type="stmt"/>
        <line num="40" count="0" type="stmt"/>
        <line num="41" count="0" type="stmt"/>
        <line num="42" count="0" type="stmt"/>
        <line num="43" count="0" type="stmt"/>
        <line num="44" count="0" type="stmt"/>
        <line num="45" count="0" type="stmt"/>
        <line num="46" count="0" type="stmt"/>
        <line num="47" count="0" type="stmt"/>
        <line num="48" count="0" type="stmt"/>
        <line num="49" count="0" type="stmt"/>
        <line num="50" count="0" type="stmt"/>
        <line num="51" count="0" type="stmt"/>
        <line num="52" count="0" type="stmt"/>
        <line num="53" count="0" type="stmt"/>
        <line num="54" count="0" type="stmt"/>
        <line num="55" count="0" type="stmt"/>
        <line num="56" count="0" type="stmt"/>
        <line num="57" count="0" type="stmt"/>
        <line num="58" count="0" type="stmt"/>
        <line num="59" count="0" type="stmt"/>
        <line num="60" count="0" type="stmt"/>
        <line num="61" count="0" type="stmt"/>
        <line num="62" count="0" type="stmt"/>
        <line num="63" count="0" type="stmt"/>
        <line num="64" count="0" type="stmt"/>
        <line num="65" count="0" type="stmt"/>
        <line num="66" count="0" type="stmt"/>
        <line num="67" count="0" type="stmt"/>
        <line num="68" count="0" type="stmt"/>
        <line num="69" count="0" type="stmt"/>
        <line num="70" count="0" type="stmt"/>
        <line num="71" count="0" type="stmt"/>
        <line num="72" count="0" type="stmt"/>
        <line num="73" count="0" type="stmt"/>
      </file>
    </package>
    <package name="src.types">
      <metrics statements="61" coveredstatements="45" conditionals="0" coveredconditionals="0" methods="8" coveredmethods="0"/>
      <file name="aggregates.ts" path="/Users/olawal/Documents/GitHub/summer-challenge/src/types/aggregates.ts">
        <metrics statements="0" coveredstatements="0" conditionals="0" coveredconditionals="0" methods="0" coveredmethods="0"/>
      </file>
      <file name="audit.ts" path="/Users/olawal/Documents/GitHub/summer-challenge/src/types/audit.ts">
        <metrics statements="13" coveredstatements="13" conditionals="0" coveredconditionals="0" methods="0" coveredmethods="0"/>
        <line num="14" count="1" type="stmt"/>
        <line num="15" count="1" type="stmt"/>
        <line num="16" count="1" type="stmt"/>
        <line num="17" count="1" type="stmt"/>
        <line num="18" count="1" type="stmt"/>
        <line num="19" count="1" type="stmt"/>
        <line num="20" count="1" type="stmt"/>
        <line num="21" count="1" type="stmt"/>
        <line num="22" count="1" type="stmt"/>
        <line num="23" count="1" type="stmt"/>
        <line num="24" count="1" type="stmt"/>
        <line num="25" count="1" type="stmt"/>
        <line num="26" count="1" type="stmt"/>
      </file>
      <file name="challenge.ts" path="/Users/olawal/Documents/GitHub/summer-challenge/src/types/challenge.ts">
        <metrics statements="1" coveredstatements="1" conditionals="0" coveredconditionals="0" methods="0" coveredmethods="0"/>
        <line num="8" count="1" type="stmt"/>
      </file>
      <file name="entry.ts" path="/Users/olawal/Documents/GitHub/summer-challenge/src/types/entry.ts">
        <metrics statements="17" coveredstatements="1" conditionals="0" coveredconditionals="0" methods="1" coveredmethods="0"/>
        <line num="94" count="1" type="stmt"/>
        <line num="95" count="0" type="stmt"/>
        <line num="96" count="0" type="stmt"/>
        <line num="97" count="0" type="stmt"/>
        <line num="98" count="0" type="stmt"/>
        <line num="99" count="0" type="stmt"/>
        <line num="100" count="0" type="stmt"/>
        <line num="101" count="0" type="stmt"/>
        <line num="102" count="0" type="stmt"/>
        <line num="103" count="0" type="stmt"/>
        <line num="104" count="0" type="stmt"/>
        <line num="105" count="0" type="stmt"/>
        <line num="106" count="0" type="stmt"/>
        <line num="107" count="0" type="stmt"/>
        <line num="109" count="0" type="stmt"/>
        <line num="110" count="0" type="stmt"/>
        <line num="111" count="0" type="stmt"/>
      </file>
      <file name="index.ts" path="/Users/olawal/Documents/GitHub/summer-challenge/src/types/index.ts">
        <metrics statements="8" coveredstatements="8" conditionals="0" coveredconditionals="0" methods="0" coveredmethods="0"/>
        <line num="1" count="1" type="stmt"/>
        <line num="16" count="1" type="stmt"/>
        <line num="17" count="1" type="stmt"/>
        <line num="18" count="1" type="stmt"/>
        <line num="19" count="1" type="stmt"/>
        <line num="20" count="1" type="stmt"/>
        <line num="21" count="1" type="stmt"/>
        <line num="22" count="1" type="stmt"/>
      </file>
      <file name="localStorage.ts" path="/Users/olawal/Documents/GitHub/summer-challenge/src/types/localStorage.ts">
        <metrics statements="6" coveredstatements="6" conditionals="0" coveredconditionals="0" methods="0" coveredmethods="0"/>
        <line num="17" count="1" type="stmt"/>
        <line num="22" count="1" type="stmt"/>
        <line num="24" count="1" type="stmt"/>
        <line num="26" count="1" type="stmt"/>
        <line num="31" count="1" type="stmt"/>
        <line num="32" count="1" type="stmt"/>
      </file>
      <file name="member.ts" path="/Users/olawal/Documents/GitHub/summer-challenge/src/types/member.ts">
        <metrics statements="1" coveredstatements="1" conditionals="0" coveredconditionals="0" methods="0" coveredmethods="0"/>
        <line num="7" count="1" type="stmt"/>
      </file>
      <file name="rule.ts" path="/Users/olawal/Documents/GitHub/summer-challenge/src/types/rule.ts">
        <metrics statements="15" coveredstatements="15" conditionals="0" coveredconditionals="0" methods="7" coveredmethods="0"/>
        <line num="18" count="1" type="stmt"/>
        <line num="19" count="1" type="stmt"/>
        <line num="20" count="1" type="stmt"/>
        <line num="21" count="1" type="stmt"/>
        <line num="22" count="1" type="stmt"/>
        <line num="23" count="1" type="stmt"/>
        <line num="24" count="1" type="stmt"/>
        <line num="25" count="1" type="stmt"/>
        <line num="238" count="1" type="stmt"/>
        <line num="239" count="1" type="stmt"/>
        <line num="240" count="1" type="stmt"/>
        <line num="241" count="1" type="stmt"/>
        <line num="242" count="1" type="stmt"/>
        <line num="243" count="1" type="stmt"/>
        <line num="249" count="1" type="stmt"/>
      </file>
    </package>
  </project>
</coverage>
