{"/Users/olawal/Documents/GitHub/summer-challenge/scripts/check-node.cjs": {"path":"/Users/olawal/Documents/GitHub/summer-challenge/scripts/check-node.cjs","all":true,"statementMap":{"0":{"start":{"line":1,"column":0},"end":{"line":1,"column":3}},"1":{"start":{"line":2,"column":0},"end":{"line":2,"column":58}},"2":{"start":{"line":3,"column":0},"end":{"line":3,"column":76}},"3":{"start":{"line":4,"column":0},"end":{"line":4,"column":3}},"4":{"start":{"line":5,"column":0},"end":{"line":5,"column":62}},"5":{"start":{"line":6,"column":0},"end":{"line":6,"column":17}},"6":{"start":{"line":7,"column":0},"end":{"line":7,"column":20}},"7":{"start":{"line":8,"column":0},"end":{"line":8,"column":92}},"8":{"start":{"line":9,"column":0},"end":{"line":9,"column":57}},"9":{"start":{"line":10,"column":0},"end":{"line":10,"column":20}},"10":{"start":{"line":11,"column":0},"end":{"line":11,"column":66}},"11":{"start":{"line":12,"column":0},"end":{"line":12,"column":57}},"12":{"start":{"line":13,"column":0},"end":{"line":13,"column":49}},"13":{"start":{"line":14,"column":0},"end":{"line":14,"column":20}},"14":{"start":{"line":15,"column":0},"end":{"line":15,"column":18}},"15":{"start":{"line":16,"column":0},"end":{"line":16,"column":1}}},"s":{"0":0,"1":0,"2":0,"3":0,"4":0,"5":0,"6":0,"7":0,"8":0,"9":0,"10":0,"11":0,"12":0,"13":0,"14":0,"15":0},"branchMap":{"0":{"type":"branch","line":1,"loc":{"start":{"line":1,"column":634},"end":{"line":16,"column":1}},"locations":[{"start":{"line":1,"column":634},"end":{"line":16,"column":1}}]}},"b":{"0":[0]},"fnMap":{"0":{"name":"(empty-report)","decl":{"start":{"line":1,"column":634},"end":{"line":16,"column":1}},"loc":{"start":{"line":1,"column":634},"end":{"line":16,"column":1}},"line":1}},"f":{"0":0}}
,"/Users/olawal/Documents/GitHub/summer-challenge/src/App.tsx": {"path":"/Users/olawal/Documents/GitHub/summer-challenge/src/App.tsx","all":true,"statementMap":{"0":{"start":{"line":1,"column":0},"end":{"line":1,"column":39}},"12":{"start":{"line":13,"column":0},"end":{"line":13,"column":25}},"13":{"start":{"line":14,"column":0},"end":{"line":14,"column":41}},"14":{"start":{"line":15,"column":0},"end":{"line":15,"column":61}},"15":{"start":{"line":16,"column":0},"end":{"line":16,"column":1}},"17":{"start":{"line":18,"column":0},"end":{"line":18,"column":63}},"18":{"start":{"line":19,"column":0},"end":{"line":19,"column":41}},"19":{"start":{"line":20,"column":0},"end":{"line":20,"column":54}},"20":{"start":{"line":21,"column":0},"end":{"line":21,"column":18}},"21":{"start":{"line":22,"column":0},"end":{"line":22,"column":1}},"23":{"start":{"line":24,"column":0},"end":{"line":24,"column":23}},"24":{"start":{"line":25,"column":0},"end":{"line":25,"column":48}},"25":{"start":{"line":26,"column":0},"end":{"line":26,"column":41}},"26":{"start":{"line":27,"column":0},"end":{"line":27,"column":37}},"27":{"start":{"line":28,"column":0},"end":{"line":28,"column":57}},"28":{"start":{"line":29,"column":0},"end":{"line":29,"column":22}},"30":{"start":{"line":31,"column":0},"end":{"line":31,"column":29}},"31":{"start":{"line":32,"column":0},"end":{"line":32,"column":12}},"32":{"start":{"line":33,"column":0},"end":{"line":33,"column":21}},"33":{"start":{"line":34,"column":0},"end":{"line":34,"column":12}},"34":{"start":{"line":35,"column":0},"end":{"line":35,"column":62}},"35":{"start":{"line":36,"column":0},"end":{"line":36,"column":8}},"37":{"start":{"line":38,"column":0},"end":{"line":38,"column":3}},"39":{"start":{"line":40,"column":0},"end":{"line":40,"column":10}},"40":{"start":{"line":41,"column":0},"end":{"line":41,"column":12}},"41":{"start":{"line":42,"column":0},"end":{"line":42,"column":55}},"42":{"start":{"line":43,"column":0},"end":{"line":43,"column":34}},"43":{"start":{"line":44,"column":0},"end":{"line":44,"column":14}},"44":{"start":{"line":45,"column":0},"end":{"line":45,"column":21}},"45":{"start":{"line":46,"column":0},"end":{"line":46,"column":19}},"46":{"start":{"line":47,"column":0},"end":{"line":47,"column":27}},"47":{"start":{"line":48,"column":0},"end":{"line":48,"column":28}},"48":{"start":{"line":49,"column":0},"end":{"line":49,"column":28}},"50":{"start":{"line":51,"column":0},"end":{"line":51,"column":10}},"51":{"start":{"line":52,"column":0},"end":{"line":52,"column":61}},"52":{"start":{"line":53,"column":0},"end":{"line":53,"column":59}},"53":{"start":{"line":54,"column":0},"end":{"line":54,"column":14}},"54":{"start":{"line":55,"column":0},"end":{"line":55,"column":51}},"55":{"start":{"line":56,"column":0},"end":{"line":56,"column":51}},"56":{"start":{"line":57,"column":0},"end":{"line":57,"column":13}},"58":{"start":{"line":59,"column":0},"end":{"line":59,"column":1}}},"s":{"0":0,"12":0,"13":0,"14":0,"15":0,"17":0,"18":0,"19":0,"20":0,"21":0,"23":0,"24":0,"25":0,"26":0,"27":0,"28":0,"30":0,"31":0,"32":0,"33":0,"34":0,"35":0,"37":0,"39":0,"40":0,"41":0,"42":0,"43":0,"44":0,"45":0,"46":0,"47":0,"48":0,"50":0,"51":0,"52":0,"53":0,"54":0,"55":0,"56":0,"58":0},"branchMap":{"0":{"type":"branch","line":1,"loc":{"start":{"line":1,"column":0},"end":{"line":59,"column":-992}},"locations":[{"start":{"line":1,"column":0},"end":{"line":59,"column":-992}}]}},"b":{"0":[0]},"fnMap":{"0":{"name":"(empty-report)","decl":{"start":{"line":1,"column":0},"end":{"line":59,"column":-992}},"loc":{"start":{"line":1,"column":0},"end":{"line":59,"column":-992}},"line":1}},"f":{"0":0}}
,"/Users/olawal/Documents/GitHub/summer-challenge/src/main.tsx": {"path":"/Users/olawal/Documents/GitHub/summer-challenge/src/main.tsx","all":true,"statementMap":{"0":{"start":{"line":1,"column":0},"end":{"line":1,"column":35}},"1":{"start":{"line":2,"column":0},"end":{"line":2,"column":46}},"2":{"start":{"line":3,"column":0},"end":{"line":3,"column":49}},"3":{"start":{"line":4,"column":0},"end":{"line":4,"column":28}},"4":{"start":{"line":5,"column":0},"end":{"line":5,"column":63}},"5":{"start":{"line":6,"column":0},"end":{"line":6,"column":73}},"6":{"start":{"line":7,"column":0},"end":{"line":7,"column":50}},"7":{"start":{"line":8,"column":0},"end":{"line":8,"column":60}},"9":{"start":{"line":10,"column":0},"end":{"line":10,"column":52}},"10":{"start":{"line":11,"column":0},"end":{"line":11,"column":14}},"11":{"start":{"line":12,"column":0},"end":{"line":12,"column":19}},"12":{"start":{"line":13,"column":0},"end":{"line":13,"column":24}},"13":{"start":{"line":14,"column":0},"end":{"line":14,"column":23}},"14":{"start":{"line":15,"column":0},"end":{"line":15,"column":32}},"15":{"start":{"line":16,"column":0},"end":{"line":16,"column":29}},"16":{"start":{"line":17,"column":0},"end":{"line":17,"column":19}},"17":{"start":{"line":18,"column":0},"end":{"line":18,"column":30}},"18":{"start":{"line":19,"column":0},"end":{"line":19,"column":33}},"19":{"start":{"line":20,"column":0},"end":{"line":20,"column":25}},"20":{"start":{"line":21,"column":0},"end":{"line":21,"column":20}},"21":{"start":{"line":22,"column":0},"end":{"line":22,"column":16}},"22":{"start":{"line":23,"column":0},"end":{"line":23,"column":2}}},"s":{"0":0,"1":0,"2":0,"3":0,"4":0,"5":0,"6":0,"7":0,"9":0,"10":0,"11":0,"12":0,"13":0,"14":0,"15":0,"16":0,"17":0,"18":0,"19":0,"20":0,"21":0,"22":0},"branchMap":{"0":{"type":"branch","line":1,"loc":{"start":{"line":1,"column":764},"end":{"line":23,"column":2}},"locations":[{"start":{"line":1,"column":764},"end":{"line":23,"column":2}}]}},"b":{"0":[0]},"fnMap":{"0":{"name":"(empty-report)","decl":{"start":{"line":1,"column":764},"end":{"line":23,"column":2}},"loc":{"start":{"line":1,"column":764},"end":{"line":23,"column":2}},"line":1}},"f":{"0":0}}
,"/Users/olawal/Documents/GitHub/summer-challenge/src/lib/createCooldown.ts": {"path":"/Users/olawal/Documents/GitHub/summer-challenge/src/lib/createCooldown.ts","all":false,"statementMap":{"0":{"start":{"line":1,"column":0},"end":{"line":1,"column":3}},"12":{"start":{"line":13,"column":0},"end":{"line":13,"column":45}},"14":{"start":{"line":15,"column":0},"end":{"line":15,"column":50}},"15":{"start":{"line":16,"column":0},"end":{"line":16,"column":7}},"16":{"start":{"line":17,"column":0},"end":{"line":17,"column":61}},"17":{"start":{"line":18,"column":0},"end":{"line":18,"column":26}},"18":{"start":{"line":19,"column":0},"end":{"line":19,"column":50}},"19":{"start":{"line":20,"column":0},"end":{"line":20,"column":11}},"20":{"start":{"line":21,"column":0},"end":{"line":21,"column":16}},"21":{"start":{"line":22,"column":0},"end":{"line":22,"column":3}},"22":{"start":{"line":23,"column":0},"end":{"line":23,"column":1}},"28":{"start":{"line":29,"column":0},"end":{"line":29,"column":65}},"29":{"start":{"line":30,"column":0},"end":{"line":30,"column":28}},"30":{"start":{"line":31,"column":0},"end":{"line":31,"column":27}},"31":{"start":{"line":32,"column":0},"end":{"line":32,"column":49}},"32":{"start":{"line":33,"column":0},"end":{"line":33,"column":1}},"39":{"start":{"line":40,"column":0},"end":{"line":40,"column":74}},"40":{"start":{"line":41,"column":0},"end":{"line":41,"column":28}},"41":{"start":{"line":42,"column":0},"end":{"line":42,"column":23}},"42":{"start":{"line":43,"column":0},"end":{"line":43,"column":64}},"43":{"start":{"line":44,"column":0},"end":{"line":44,"column":1}},"50":{"start":{"line":51,"column":0},"end":{"line":51,"column":71}},"51":{"start":{"line":52,"column":0},"end":{"line":52,"column":60}},"52":{"start":{"line":53,"column":0},"end":{"line":53,"column":70}},"53":{"start":{"line":54,"column":0},"end":{"line":54,"column":1}},"59":{"start":{"line":60,"column":0},"end":{"line":60,"column":39}},"60":{"start":{"line":61,"column":0},"end":{"line":61,"column":50}},"61":{"start":{"line":62,"column":0},"end":{"line":62,"column":1}}},"s":{"0":1,"12":1,"14":13,"15":13,"16":13,"17":13,"18":9,"19":13,"20":0,"21":0,"22":13,"28":1,"29":8,"30":8,"31":6,"32":6,"39":1,"40":5,"41":5,"42":3,"43":3,"50":1,"51":10,"52":10,"53":10,"59":1,"60":23,"61":23},"branchMap":{"0":{"type":"branch","line":15,"loc":{"start":{"line":15,"column":0},"end":{"line":23,"column":1}},"locations":[{"start":{"line":15,"column":0},"end":{"line":23,"column":1}}]},"1":{"type":"branch","line":18,"loc":{"start":{"line":18,"column":14},"end":{"line":18,"column":26}},"locations":[{"start":{"line":18,"column":14},"end":{"line":18,"column":26}}]},"2":{"type":"branch","line":18,"loc":{"start":{"line":18,"column":21},"end":{"line":20,"column":10}},"locations":[{"start":{"line":18,"column":21},"end":{"line":20,"column":10}}]},"3":{"type":"branch","line":20,"loc":{"start":{"line":20,"column":2},"end":{"line":22,"column":3}},"locations":[{"start":{"line":20,"column":2},"end":{"line":22,"column":3}}]},"4":{"type":"branch","line":29,"loc":{"start":{"line":29,"column":7},"end":{"line":33,"column":1}},"locations":[{"start":{"line":29,"column":7},"end":{"line":33,"column":1}}]},"5":{"type":"branch","line":31,"loc":{"start":{"line":31,"column":14},"end":{"line":31,"column":27}},"locations":[{"start":{"line":31,"column":14},"end":{"line":31,"column":27}}]},"6":{"type":"branch","line":31,"loc":{"start":{"line":31,"column":21},"end":{"line":33,"column":1}},"locations":[{"start":{"line":31,"column":21},"end":{"line":33,"column":1}}]},"7":{"type":"branch","line":40,"loc":{"start":{"line":40,"column":7},"end":{"line":44,"column":1}},"locations":[{"start":{"line":40,"column":7},"end":{"line":44,"column":1}}]},"8":{"type":"branch","line":42,"loc":{"start":{"line":42,"column":14},"end":{"line":42,"column":23}},"locations":[{"start":{"line":42,"column":14},"end":{"line":42,"column":23}}]},"9":{"type":"branch","line":42,"loc":{"start":{"line":42,"column":21},"end":{"line":44,"column":1}},"locations":[{"start":{"line":42,"column":21},"end":{"line":44,"column":1}}]},"10":{"type":"branch","line":51,"loc":{"start":{"line":51,"column":7},"end":{"line":54,"column":1}},"locations":[{"start":{"line":51,"column":7},"end":{"line":54,"column":1}}]},"11":{"type":"branch","line":60,"loc":{"start":{"line":60,"column":7},"end":{"line":62,"column":1}},"locations":[{"start":{"line":60,"column":7},"end":{"line":62,"column":1}}]}},"b":{"0":[13],"1":[4],"2":[9],"3":[0],"4":[8],"5":[2],"6":[6],"7":[5],"8":[2],"9":[3],"10":[10],"11":[23]},"fnMap":{"0":{"name":"readState","decl":{"start":{"line":15,"column":0},"end":{"line":23,"column":1}},"loc":{"start":{"line":15,"column":0},"end":{"line":23,"column":1}},"line":15},"1":{"name":"isOnCooldown","decl":{"start":{"line":29,"column":7},"end":{"line":33,"column":1}},"loc":{"start":{"line":29,"column":7},"end":{"line":33,"column":1}},"line":29},"2":{"name":"getCooldownRemainingMs","decl":{"start":{"line":40,"column":7},"end":{"line":44,"column":1}},"loc":{"start":{"line":40,"column":7},"end":{"line":44,"column":1}},"line":40},"3":{"name":"recordCreateTimestamp","decl":{"start":{"line":51,"column":7},"end":{"line":54,"column":1}},"loc":{"start":{"line":51,"column":7},"end":{"line":54,"column":1}},"line":51},"4":{"name":"clearCooldown","decl":{"start":{"line":60,"column":7},"end":{"line":62,"column":1}},"loc":{"start":{"line":60,"column":7},"end":{"line":62,"column":1}},"line":60}},"f":{"0":13,"1":8,"2":5,"3":10,"4":23}}
,"/Users/olawal/Documents/GitHub/summer-challenge/src/lib/dates.ts": {"path":"/Users/olawal/Documents/GitHub/summer-challenge/src/lib/dates.ts","all":false,"statementMap":{"0":{"start":{"line":1,"column":0},"end":{"line":1,"column":3}},"26":{"start":{"line":27,"column":0},"end":{"line":27,"column":70}},"27":{"start":{"line":28,"column":0},"end":{"line":28,"column":59}},"28":{"start":{"line":29,"column":0},"end":{"line":29,"column":1}},"38":{"start":{"line":39,"column":0},"end":{"line":39,"column":81}},"39":{"start":{"line":40,"column":0},"end":{"line":40,"column":35}},"40":{"start":{"line":41,"column":0},"end":{"line":41,"column":1}},"46":{"start":{"line":47,"column":0},"end":{"line":47,"column":85}},"47":{"start":{"line":48,"column":0},"end":{"line":48,"column":47}},"48":{"start":{"line":49,"column":0},"end":{"line":49,"column":1}},"58":{"start":{"line":59,"column":0},"end":{"line":59,"column":66}},"59":{"start":{"line":60,"column":0},"end":{"line":60,"column":42}},"60":{"start":{"line":61,"column":0},"end":{"line":61,"column":35}},"61":{"start":{"line":62,"column":0},"end":{"line":62,"column":38}},"62":{"start":{"line":63,"column":0},"end":{"line":63,"column":1}},"68":{"start":{"line":69,"column":0},"end":{"line":69,"column":64}},"69":{"start":{"line":70,"column":0},"end":{"line":70,"column":51}},"70":{"start":{"line":71,"column":0},"end":{"line":71,"column":51}},"71":{"start":{"line":72,"column":0},"end":{"line":72,"column":46}},"72":{"start":{"line":73,"column":0},"end":{"line":73,"column":1}},"78":{"start":{"line":79,"column":0},"end":{"line":79,"column":72}},"79":{"start":{"line":80,"column":0},"end":{"line":80,"column":23}},"80":{"start":{"line":81,"column":0},"end":{"line":81,"column":22}},"81":{"start":{"line":82,"column":0},"end":{"line":82,"column":11}},"82":{"start":{"line":83,"column":0},"end":{"line":83,"column":1}},"93":{"start":{"line":94,"column":0},"end":{"line":94,"column":35}},"94":{"start":{"line":95,"column":0},"end":{"line":95,"column":19}},"95":{"start":{"line":96,"column":0},"end":{"line":96,"column":19}},"96":{"start":{"line":97,"column":0},"end":{"line":97,"column":25}},"97":{"start":{"line":98,"column":0},"end":{"line":98,"column":12}},"98":{"start":{"line":99,"column":0},"end":{"line":99,"column":84}},"99":{"start":{"line":100,"column":0},"end":{"line":100,"column":1}},"104":{"start":{"line":105,"column":0},"end":{"line":105,"column":94}},"105":{"start":{"line":106,"column":0},"end":{"line":106,"column":43}},"106":{"start":{"line":107,"column":0},"end":{"line":107,"column":1}},"111":{"start":{"line":112,"column":0},"end":{"line":112,"column":98}},"112":{"start":{"line":113,"column":0},"end":{"line":113,"column":47}},"113":{"start":{"line":114,"column":0},"end":{"line":114,"column":1}},"124":{"start":{"line":125,"column":0},"end":{"line":125,"column":81}},"125":{"start":{"line":126,"column":0},"end":{"line":126,"column":39}},"126":{"start":{"line":127,"column":0},"end":{"line":127,"column":22}},"127":{"start":{"line":128,"column":0},"end":{"line":128,"column":31}},"128":{"start":{"line":129,"column":0},"end":{"line":129,"column":1}},"135":{"start":{"line":136,"column":0},"end":{"line":136,"column":30}},"136":{"start":{"line":137,"column":0},"end":{"line":137,"column":19}},"137":{"start":{"line":138,"column":0},"end":{"line":138,"column":25}},"138":{"start":{"line":139,"column":0},"end":{"line":139,"column":43}},"139":{"start":{"line":140,"column":0},"end":{"line":140,"column":63}},"140":{"start":{"line":141,"column":0},"end":{"line":141,"column":55}},"141":{"start":{"line":142,"column":0},"end":{"line":142,"column":43}},"142":{"start":{"line":143,"column":0},"end":{"line":143,"column":1}},"155":{"start":{"line":156,"column":0},"end":{"line":156,"column":87}},"156":{"start":{"line":157,"column":0},"end":{"line":157,"column":41}},"157":{"start":{"line":158,"column":0},"end":{"line":158,"column":17}},"158":{"start":{"line":159,"column":0},"end":{"line":159,"column":52}},"159":{"start":{"line":160,"column":0},"end":{"line":160,"column":32}},"160":{"start":{"line":161,"column":0},"end":{"line":161,"column":36}},"161":{"start":{"line":162,"column":0},"end":{"line":162,"column":56}},"162":{"start":{"line":163,"column":0},"end":{"line":163,"column":37}},"163":{"start":{"line":164,"column":0},"end":{"line":164,"column":15}},"164":{"start":{"line":165,"column":0},"end":{"line":165,"column":12}},"165":{"start":{"line":166,"column":0},"end":{"line":166,"column":12}},"166":{"start":{"line":167,"column":0},"end":{"line":167,"column":5}},"167":{"start":{"line":168,"column":0},"end":{"line":168,"column":3}},"168":{"start":{"line":169,"column":0},"end":{"line":169,"column":16}},"169":{"start":{"line":170,"column":0},"end":{"line":170,"column":1}}},"s":{"0":1,"26":1,"27":28,"28":28,"38":1,"39":25,"40":25,"46":1,"47":11,"48":11,"58":1,"59":192,"60":192,"61":192,"62":192,"68":1,"69":129,"70":129,"71":129,"72":129,"78":1,"79":3,"80":3,"81":1,"82":1,"93":1,"94":7,"95":7,"96":7,"97":7,"98":7,"99":7,"104":1,"105":2,"106":2,"111":1,"112":2,"113":2,"124":1,"125":93,"126":93,"127":91,"128":91,"135":1,"136":87,"137":87,"138":87,"139":87,"140":87,"141":87,"142":87,"155":1,"156":7,"157":6,"158":7,"159":10,"160":10,"161":10,"162":10,"163":7,"164":10,"165":3,"166":3,"167":10,"168":6,"169":6},"branchMap":{"0":{"type":"branch","line":27,"loc":{"start":{"line":27,"column":7},"end":{"line":29,"column":1}},"locations":[{"start":{"line":27,"column":7},"end":{"line":29,"column":1}}]},"1":{"type":"branch","line":39,"loc":{"start":{"line":39,"column":7},"end":{"line":41,"column":1}},"locations":[{"start":{"line":39,"column":7},"end":{"line":41,"column":1}}]},"2":{"type":"branch","line":47,"loc":{"start":{"line":47,"column":7},"end":{"line":49,"column":1}},"locations":[{"start":{"line":47,"column":7},"end":{"line":49,"column":1}}]},"3":{"type":"branch","line":59,"loc":{"start":{"line":59,"column":7},"end":{"line":63,"column":1}},"locations":[{"start":{"line":59,"column":7},"end":{"line":63,"column":1}}]},"4":{"type":"branch","line":69,"loc":{"start":{"line":69,"column":7},"end":{"line":73,"column":1}},"locations":[{"start":{"line":69,"column":7},"end":{"line":73,"column":1}}]},"5":{"type":"branch","line":79,"loc":{"start":{"line":79,"column":7},"end":{"line":83,"column":1}},"locations":[{"start":{"line":79,"column":7},"end":{"line":83,"column":1}}]},"6":{"type":"branch","line":80,"loc":{"start":{"line":80,"column":13},"end":{"line":80,"column":23}},"locations":[{"start":{"line":80,"column":13},"end":{"line":80,"column":23}}]},"7":{"type":"branch","line":80,"loc":{"start":{"line":80,"column":20},"end":{"line":81,"column":20}},"locations":[{"start":{"line":80,"column":20},"end":{"line":81,"column":20}}]},"8":{"type":"branch","line":81,"loc":{"start":{"line":81,"column":13},"end":{"line":83,"column":1}},"locations":[{"start":{"line":81,"column":13},"end":{"line":83,"column":1}}]},"9":{"type":"branch","line":94,"loc":{"start":{"line":94,"column":7},"end":{"line":100,"column":1}},"locations":[{"start":{"line":94,"column":7},"end":{"line":100,"column":1}}]},"10":{"type":"branch","line":99,"loc":{"start":{"line":99,"column":41},"end":{"line":99,"column":84}},"locations":[{"start":{"line":99,"column":41},"end":{"line":99,"column":84}}]},"11":{"type":"branch","line":105,"loc":{"start":{"line":105,"column":7},"end":{"line":107,"column":1}},"locations":[{"start":{"line":105,"column":7},"end":{"line":107,"column":1}}]},"12":{"type":"branch","line":112,"loc":{"start":{"line":112,"column":7},"end":{"line":114,"column":1}},"locations":[{"start":{"line":112,"column":7},"end":{"line":114,"column":1}}]},"13":{"type":"branch","line":125,"loc":{"start":{"line":125,"column":7},"end":{"line":129,"column":1}},"locations":[{"start":{"line":125,"column":7},"end":{"line":129,"column":1}}]},"14":{"type":"branch","line":127,"loc":{"start":{"line":127,"column":13},"end":{"line":127,"column":22}},"locations":[{"start":{"line":127,"column":13},"end":{"line":127,"column":22}}]},"15":{"type":"branch","line":127,"loc":{"start":{"line":127,"column":20},"end":{"line":129,"column":1}},"locations":[{"start":{"line":127,"column":20},"end":{"line":129,"column":1}}]},"16":{"type":"branch","line":136,"loc":{"start":{"line":136,"column":7},"end":{"line":143,"column":1}},"locations":[{"start":{"line":136,"column":7},"end":{"line":143,"column":1}}]},"17":{"type":"branch","line":156,"loc":{"start":{"line":156,"column":7},"end":{"line":170,"column":1}},"locations":[{"start":{"line":156,"column":7},"end":{"line":170,"column":1}}]},"18":{"type":"branch","line":157,"loc":{"start":{"line":157,"column":32},"end":{"line":157,"column":41}},"locations":[{"start":{"line":157,"column":32},"end":{"line":157,"column":41}}]},"19":{"type":"branch","line":157,"loc":{"start":{"line":157,"column":39},"end":{"line":159,"column":51}},"locations":[{"start":{"line":157,"column":39},"end":{"line":159,"column":51}}]},"20":{"type":"branch","line":159,"loc":{"start":{"line":159,"column":51},"end":{"line":168,"column":3}},"locations":[{"start":{"line":159,"column":51},"end":{"line":168,"column":3}}]},"21":{"type":"branch","line":162,"loc":{"start":{"line":162,"column":50},"end":{"line":162,"column":56}},"locations":[{"start":{"line":162,"column":50},"end":{"line":162,"column":56}}]},"22":{"type":"branch","line":163,"loc":{"start":{"line":163,"column":36},"end":{"line":165,"column":11}},"locations":[{"start":{"line":163,"column":36},"end":{"line":165,"column":11}}]},"23":{"type":"branch","line":165,"loc":{"start":{"line":165,"column":4},"end":{"line":167,"column":5}},"locations":[{"start":{"line":165,"column":4},"end":{"line":167,"column":5}}]},"24":{"type":"branch","line":168,"loc":{"start":{"line":168,"column":2},"end":{"line":170,"column":1}},"locations":[{"start":{"line":168,"column":2},"end":{"line":170,"column":1}}]}},"b":{"0":[28],"1":[25],"2":[11],"3":[192],"4":[129],"5":[3],"6":[1],"7":[2],"8":[1],"9":[7],"10":[5],"11":[2],"12":[2],"13":[93],"14":[2],"15":[91],"16":[87],"17":[7],"18":[1],"19":[6],"20":[10],"21":[0],"22":[7],"23":[3],"24":[6]},"fnMap":{"0":{"name":"formatInTz","decl":{"start":{"line":27,"column":7},"end":{"line":29,"column":1}},"loc":{"start":{"line":27,"column":7},"end":{"line":29,"column":1}},"line":27},"1":{"name":"todayInTz","decl":{"start":{"line":39,"column":7},"end":{"line":41,"column":1}},"loc":{"start":{"line":39,"column":7},"end":{"line":41,"column":1}},"line":39},"2":{"name":"yesterdayInTz","decl":{"start":{"line":47,"column":7},"end":{"line":49,"column":1}},"loc":{"start":{"line":47,"column":7},"end":{"line":49,"column":1}},"line":47},"3":{"name":"addDays","decl":{"start":{"line":59,"column":7},"end":{"line":63,"column":1}},"loc":{"start":{"line":59,"column":7},"end":{"line":63,"column":1}},"line":59},"4":{"name":"diffDays","decl":{"start":{"line":69,"column":7},"end":{"line":73,"column":1}},"loc":{"start":{"line":69,"column":7},"end":{"line":73,"column":1}},"line":69},"5":{"name":"compareDates","decl":{"start":{"line":79,"column":7},"end":{"line":83,"column":1}},"loc":{"start":{"line":79,"column":7},"end":{"line":83,"column":1}},"line":79},"6":{"name":"isWithinEditWindow","decl":{"start":{"line":94,"column":7},"end":{"line":100,"column":1}},"loc":{"start":{"line":94,"column":7},"end":{"line":100,"column":1}},"line":94},"7":{"name":"isToday","decl":{"start":{"line":105,"column":7},"end":{"line":107,"column":1}},"loc":{"start":{"line":105,"column":7},"end":{"line":107,"column":1}},"line":105},"8":{"name":"isYesterday","decl":{"start":{"line":112,"column":7},"end":{"line":114,"column":1}},"loc":{"start":{"line":112,"column":7},"end":{"line":114,"column":1}},"line":112},"9":{"name":"getWeekNumber","decl":{"start":{"line":125,"column":7},"end":{"line":129,"column":1}},"loc":{"start":{"line":125,"column":7},"end":{"line":129,"column":1}},"line":125},"10":{"name":"getWeekWindow","decl":{"start":{"line":136,"column":7},"end":{"line":143,"column":1}},"loc":{"start":{"line":136,"column":7},"end":{"line":143,"column":1}},"line":136},"11":{"name":"countConsecutiveDaysAtEnd","decl":{"start":{"line":156,"column":7},"end":{"line":170,"column":1}},"loc":{"start":{"line":156,"column":7},"end":{"line":170,"column":1}},"line":156}},"f":{"0":28,"1":25,"2":11,"3":192,"4":129,"5":3,"6":7,"7":2,"8":2,"9":93,"10":87,"11":7}}
,"/Users/olawal/Documents/GitHub/summer-challenge/src/lib/ownerAuth.ts": {"path":"/Users/olawal/Documents/GitHub/summer-challenge/src/lib/ownerAuth.ts","all":false,"statementMap":{"14":{"start":{"line":15,"column":0},"end":{"line":15,"column":95}},"15":{"start":{"line":16,"column":0},"end":{"line":16,"column":63}},"16":{"start":{"line":17,"column":0},"end":{"line":17,"column":37}},"17":{"start":{"line":18,"column":0},"end":{"line":18,"column":48}},"18":{"start":{"line":19,"column":0},"end":{"line":19,"column":24}},"19":{"start":{"line":20,"column":0},"end":{"line":20,"column":1}},"25":{"start":{"line":26,"column":0},"end":{"line":26,"column":37}},"26":{"start":{"line":27,"column":0},"end":{"line":27,"column":19}},"27":{"start":{"line":28,"column":0},"end":{"line":28,"column":21}},"28":{"start":{"line":29,"column":0},"end":{"line":29,"column":15}},"29":{"start":{"line":30,"column":0},"end":{"line":30,"column":21}},"30":{"start":{"line":31,"column":0},"end":{"line":31,"column":48}},"31":{"start":{"line":32,"column":0},"end":{"line":32,"column":29}},"32":{"start":{"line":33,"column":0},"end":{"line":33,"column":1}},"34":{"start":{"line":35,"column":0},"end":{"line":35,"column":58}},"35":{"start":{"line":36,"column":0},"end":{"line":36,"column":47}},"36":{"start":{"line":37,"column":0},"end":{"line":37,"column":58}},"37":{"start":{"line":38,"column":0},"end":{"line":38,"column":41}},"38":{"start":{"line":39,"column":0},"end":{"line":39,"column":1}},"40":{"start":{"line":41,"column":0},"end":{"line":41,"column":48}},"41":{"start":{"line":42,"column":0},"end":{"line":42,"column":26}},"42":{"start":{"line":43,"column":0},"end":{"line":43,"column":46}},"43":{"start":{"line":44,"column":0},"end":{"line":44,"column":14}},"44":{"start":{"line":45,"column":0},"end":{"line":45,"column":1}}},"s":{"14":12,"15":12,"16":12,"17":12,"18":12,"19":12,"25":7,"26":7,"27":7,"28":7,"29":7,"30":7,"31":7,"32":7,"34":19,"35":19,"36":19,"37":19,"38":19,"40":31,"41":31,"42":31,"43":31,"44":31},"branchMap":{"0":{"type":"branch","line":15,"loc":{"start":{"line":15,"column":0},"end":{"line":20,"column":1}},"locations":[{"start":{"line":15,"column":0},"end":{"line":20,"column":1}}]},"1":{"type":"branch","line":26,"loc":{"start":{"line":26,"column":0},"end":{"line":33,"column":1}},"locations":[{"start":{"line":26,"column":0},"end":{"line":33,"column":1}}]},"2":{"type":"branch","line":35,"loc":{"start":{"line":35,"column":0},"end":{"line":39,"column":1}},"locations":[{"start":{"line":35,"column":0},"end":{"line":39,"column":1}}]},"3":{"type":"branch","line":41,"loc":{"start":{"line":41,"column":0},"end":{"line":45,"column":1}},"locations":[{"start":{"line":41,"column":0},"end":{"line":45,"column":1}}]},"4":{"type":"branch","line":43,"loc":{"start":{"line":43,"column":9},"end":{"line":43,"column":45}},"locations":[{"start":{"line":43,"column":9},"end":{"line":43,"column":45}}]}},"b":{"0":[12],"1":[7],"2":[19],"3":[31],"4":[800]},"fnMap":{"0":{"name":"hashPassword","decl":{"start":{"line":15,"column":0},"end":{"line":20,"column":1}},"loc":{"start":{"line":15,"column":0},"end":{"line":20,"column":1}},"line":15},"1":{"name":"verifyPassword","decl":{"start":{"line":26,"column":0},"end":{"line":33,"column":1}},"loc":{"start":{"line":26,"column":0},"end":{"line":33,"column":1}},"line":26},"2":{"name":"sha256Hex","decl":{"start":{"line":35,"column":0},"end":{"line":39,"column":1}},"loc":{"start":{"line":35,"column":0},"end":{"line":39,"column":1}},"line":35},"3":{"name":"bytesToHex","decl":{"start":{"line":41,"column":0},"end":{"line":45,"column":1}},"loc":{"start":{"line":41,"column":0},"end":{"line":45,"column":1}},"line":41}},"f":{"0":12,"1":7,"2":19,"3":31}}
,"/Users/olawal/Documents/GitHub/summer-challenge/src/lib/recentChallenges.ts": {"path":"/Users/olawal/Documents/GitHub/summer-challenge/src/lib/recentChallenges.ts","all":true,"statementMap":{"0":{"start":{"line":1,"column":0},"end":{"line":1,"column":3}},"13":{"start":{"line":14,"column":0},"end":{"line":14,"column":22}},"15":{"start":{"line":16,"column":0},"end":{"line":16,"column":40}},"16":{"start":{"line":17,"column":0},"end":{"line":17,"column":7}},"17":{"start":{"line":18,"column":0},"end":{"line":18,"column":63}},"18":{"start":{"line":19,"column":0},"end":{"line":19,"column":24}},"19":{"start":{"line":20,"column":0},"end":{"line":20,"column":48}},"20":{"start":{"line":21,"column":0},"end":{"line":21,"column":11}},"21":{"start":{"line":22,"column":0},"end":{"line":22,"column":14}},"22":{"start":{"line":23,"column":0},"end":{"line":23,"column":3}},"23":{"start":{"line":24,"column":0},"end":{"line":24,"column":1}},"25":{"start":{"line":26,"column":0},"end":{"line":26,"column":51}},"26":{"start":{"line":27,"column":0},"end":{"line":27,"column":71}},"27":{"start":{"line":28,"column":0},"end":{"line":28,"column":1}},"32":{"start":{"line":33,"column":0},"end":{"line":33,"column":58}},"33":{"start":{"line":34,"column":0},"end":{"line":34,"column":70}},"34":{"start":{"line":35,"column":0},"end":{"line":35,"column":1}},"40":{"start":{"line":41,"column":0},"end":{"line":41,"column":72}},"41":{"start":{"line":42,"column":0},"end":{"line":42,"column":59}},"42":{"start":{"line":43,"column":0},"end":{"line":43,"column":59}},"43":{"start":{"line":44,"column":0},"end":{"line":44,"column":61}},"44":{"start":{"line":45,"column":0},"end":{"line":45,"column":43}},"45":{"start":{"line":46,"column":0},"end":{"line":46,"column":1}},"50":{"start":{"line":51,"column":0},"end":{"line":51,"column":66}},"51":{"start":{"line":52,"column":0},"end":{"line":52,"column":37}},"52":{"start":{"line":53,"column":0},"end":{"line":53,"column":25}},"53":{"start":{"line":54,"column":0},"end":{"line":54,"column":1}},"58":{"start":{"line":59,"column":0},"end":{"line":59,"column":54}},"59":{"start":{"line":60,"column":0},"end":{"line":60,"column":53}},"60":{"start":{"line":61,"column":0},"end":{"line":61,"column":1}}},"s":{"0":0,"13":0,"15":0,"16":0,"17":0,"18":0,"19":0,"20":0,"21":0,"22":0,"23":0,"25":0,"26":0,"27":0,"32":0,"33":0,"34":0,"40":0,"41":0,"42":0,"43":0,"44":0,"45":0,"50":0,"51":0,"52":0,"53":0,"58":0,"59":0,"60":0},"branchMap":{"0":{"type":"branch","line":1,"loc":{"start":{"line":1,"column":1839},"end":{"line":61,"column":1}},"locations":[{"start":{"line":1,"column":1839},"end":{"line":61,"column":1}}]}},"b":{"0":[0]},"fnMap":{"0":{"name":"(empty-report)","decl":{"start":{"line":1,"column":1839},"end":{"line":61,"column":1}},"loc":{"start":{"line":1,"column":1839},"end":{"line":61,"column":1}},"line":1}},"f":{"0":0}}
,"/Users/olawal/Documents/GitHub/summer-challenge/src/lib/selectedMember.ts": {"path":"/Users/olawal/Documents/GitHub/summer-challenge/src/lib/selectedMember.ts","all":true,"statementMap":{"0":{"start":{"line":1,"column":0},"end":{"line":1,"column":3}},"16":{"start":{"line":17,"column":0},"end":{"line":17,"column":64}},"17":{"start":{"line":18,"column":0},"end":{"line":18,"column":67}},"18":{"start":{"line":19,"column":0},"end":{"line":19,"column":1}},"23":{"start":{"line":24,"column":0},"end":{"line":24,"column":73}},"24":{"start":{"line":25,"column":0},"end":{"line":25,"column":70}},"25":{"start":{"line":26,"column":0},"end":{"line":26,"column":1}},"31":{"start":{"line":32,"column":0},"end":{"line":32,"column":57}},"32":{"start":{"line":33,"column":0},"end":{"line":33,"column":63}},"33":{"start":{"line":34,"column":0},"end":{"line":34,"column":1}}},"s":{"0":0,"16":0,"17":0,"18":0,"23":0,"24":0,"25":0,"31":0,"32":0,"33":0},"branchMap":{"0":{"type":"branch","line":1,"loc":{"start":{"line":1,"column":1129},"end":{"line":34,"column":1}},"locations":[{"start":{"line":1,"column":1129},"end":{"line":34,"column":1}}]}},"b":{"0":[0]},"fnMap":{"0":{"name":"(empty-report)","decl":{"start":{"line":1,"column":1129},"end":{"line":34,"column":1}},"loc":{"start":{"line":1,"column":1129},"end":{"line":34,"column":1}},"line":1}},"f":{"0":0}}
,"/Users/olawal/Documents/GitHub/summer-challenge/src/lib/rules/aggregate.ts": {"path":"/Users/olawal/Documents/GitHub/summer-challenge/src/lib/rules/aggregate.ts","all":false,"statementMap":{"0":{"start":{"line":1,"column":0},"end":{"line":1,"column":3}},"38":{"start":{"line":39,"column":0},"end":{"line":39,"column":32}},"39":{"start":{"line":40,"column":0},"end":{"line":40,"column":23}},"40":{"start":{"line":41,"column":0},"end":{"line":41,"column":17}},"41":{"start":{"line":42,"column":0},"end":{"line":42,"column":25}},"42":{"start":{"line":43,"column":0},"end":{"line":43,"column":19}},"43":{"start":{"line":44,"column":0},"end":{"line":44,"column":35}},"44":{"start":{"line":45,"column":0},"end":{"line":45,"column":57}},"45":{"start":{"line":46,"column":0},"end":{"line":46,"column":3}},"48":{"start":{"line":49,"column":0},"end":{"line":49,"column":99}},"51":{"start":{"line":52,"column":0},"end":{"line":52,"column":39}},"52":{"start":{"line":53,"column":0},"end":{"line":53,"column":52}},"53":{"start":{"line":54,"column":0},"end":{"line":54,"column":4}},"56":{"start":{"line":57,"column":0},"end":{"line":57,"column":52}},"57":{"start":{"line":58,"column":0},"end":{"line":58,"column":48}},"58":{"start":{"line":59,"column":0},"end":{"line":59,"column":4}},"61":{"start":{"line":62,"column":0},"end":{"line":62,"column":33}},"62":{"start":{"line":63,"column":0},"end":{"line":63,"column":26}},"63":{"start":{"line":64,"column":0},"end":{"line":64,"column":40}},"64":{"start":{"line":65,"column":0},"end":{"line":65,"column":22}},"65":{"start":{"line":66,"column":0},"end":{"line":66,"column":4}},"68":{"start":{"line":69,"column":0},"end":{"line":69,"column":59}},"69":{"start":{"line":70,"column":0},"end":{"line":70,"column":40}},"70":{"start":{"line":71,"column":0},"end":{"line":71,"column":33}},"71":{"start":{"line":72,"column":0},"end":{"line":72,"column":47}},"72":{"start":{"line":73,"column":0},"end":{"line":73,"column":89}},"73":{"start":{"line":74,"column":0},"end":{"line":74,"column":7}},"74":{"start":{"line":75,"column":0},"end":{"line":75,"column":5}},"75":{"start":{"line":76,"column":0},"end":{"line":76,"column":3}},"78":{"start":{"line":79,"column":0},"end":{"line":79,"column":73}},"81":{"start":{"line":82,"column":0},"end":{"line":82,"column":22}},"82":{"start":{"line":83,"column":0},"end":{"line":83,"column":45}},"84":{"start":{"line":85,"column":0},"end":{"line":85,"column":38}},"85":{"start":{"line":86,"column":0},"end":{"line":86,"column":73}},"87":{"start":{"line":88,"column":0},"end":{"line":88,"column":39}},"88":{"start":{"line":89,"column":0},"end":{"line":89,"column":58}},"89":{"start":{"line":90,"column":0},"end":{"line":90,"column":52}},"90":{"start":{"line":91,"column":0},"end":{"line":91,"column":7}},"92":{"start":{"line":93,"column":0},"end":{"line":93,"column":34}},"93":{"start":{"line":94,"column":0},"end":{"line":94,"column":53}},"94":{"start":{"line":95,"column":0},"end":{"line":95,"column":25}},"95":{"start":{"line":96,"column":0},"end":{"line":96,"column":5}},"98":{"start":{"line":99,"column":0},"end":{"line":99,"column":58}},"99":{"start":{"line":100,"column":0},"end":{"line":100,"column":18}},"100":{"start":{"line":101,"column":0},"end":{"line":101,"column":49}},"101":{"start":{"line":102,"column":0},"end":{"line":102,"column":60}},"102":{"start":{"line":103,"column":0},"end":{"line":103,"column":32}},"103":{"start":{"line":104,"column":0},"end":{"line":104,"column":7}},"104":{"start":{"line":105,"column":0},"end":{"line":105,"column":5}},"105":{"start":{"line":106,"column":0},"end":{"line":106,"column":3}},"107":{"start":{"line":108,"column":0},"end":{"line":108,"column":10}},"108":{"start":{"line":109,"column":0},"end":{"line":109,"column":24}},"109":{"start":{"line":110,"column":0},"end":{"line":110,"column":28}},"110":{"start":{"line":111,"column":0},"end":{"line":111,"column":16}},"111":{"start":{"line":112,"column":0},"end":{"line":112,"column":37}},"112":{"start":{"line":113,"column":0},"end":{"line":113,"column":12}},"113":{"start":{"line":114,"column":0},"end":{"line":114,"column":44}},"114":{"start":{"line":115,"column":0},"end":{"line":115,"column":4}},"115":{"start":{"line":116,"column":0},"end":{"line":116,"column":1}},"125":{"start":{"line":126,"column":0},"end":{"line":126,"column":33}},"126":{"start":{"line":127,"column":0},"end":{"line":127,"column":23}},"127":{"start":{"line":128,"column":0},"end":{"line":128,"column":20}},"128":{"start":{"line":129,"column":0},"end":{"line":129,"column":22}},"129":{"start":{"line":130,"column":0},"end":{"line":130,"column":16}},"130":{"start":{"line":131,"column":0},"end":{"line":131,"column":54}},"133":{"start":{"line":134,"column":0},"end":{"line":134,"column":53}},"134":{"start":{"line":135,"column":0},"end":{"line":135,"column":35}},"135":{"start":{"line":136,"column":0},"end":{"line":136,"column":61}},"136":{"start":{"line":137,"column":0},"end":{"line":137,"column":23}},"137":{"start":{"line":138,"column":0},"end":{"line":138,"column":48}},"138":{"start":{"line":139,"column":0},"end":{"line":139,"column":3}},"141":{"start":{"line":142,"column":0},"end":{"line":142,"column":49}},"142":{"start":{"line":143,"column":0},"end":{"line":143,"column":63}},"143":{"start":{"line":144,"column":0},"end":{"line":144,"column":61}},"144":{"start":{"line":145,"column":0},"end":{"line":145,"column":5}},"147":{"start":{"line":148,"column":0},"end":{"line":148,"column":58}},"151":{"start":{"line":152,"column":0},"end":{"line":152,"column":15}},"152":{"start":{"line":153,"column":0},"end":{"line":153,"column":46}},"153":{"start":{"line":154,"column":0},"end":{"line":154,"column":34}},"154":{"start":{"line":155,"column":0},"end":{"line":155,"column":54}},"155":{"start":{"line":156,"column":0},"end":{"line":156,"column":70}},"156":{"start":{"line":157,"column":0},"end":{"line":157,"column":19}},"157":{"start":{"line":158,"column":0},"end":{"line":158,"column":5}},"158":{"start":{"line":159,"column":0},"end":{"line":159,"column":39}},"159":{"start":{"line":160,"column":0},"end":{"line":160,"column":3}},"161":{"start":{"line":162,"column":0},"end":{"line":162,"column":47}},"162":{"start":{"line":163,"column":0},"end":{"line":163,"column":64}},"163":{"start":{"line":164,"column":0},"end":{"line":164,"column":32}},"164":{"start":{"line":165,"column":0},"end":{"line":165,"column":12}},"166":{"start":{"line":167,"column":0},"end":{"line":167,"column":10}},"167":{"start":{"line":168,"column":0},"end":{"line":168,"column":14}},"168":{"start":{"line":169,"column":0},"end":{"line":169,"column":17}},"169":{"start":{"line":170,"column":0},"end":{"line":170,"column":27}},"170":{"start":{"line":171,"column":0},"end":{"line":171,"column":4}},"171":{"start":{"line":172,"column":0},"end":{"line":172,"column":1}},"181":{"start":{"line":182,"column":0},"end":{"line":182,"column":35}},"182":{"start":{"line":183,"column":0},"end":{"line":183,"column":23}},"183":{"start":{"line":184,"column":0},"end":{"line":184,"column":17}},"184":{"start":{"line":185,"column":0},"end":{"line":185,"column":25}},"185":{"start":{"line":186,"column":0},"end":{"line":186,"column":28}},"186":{"start":{"line":187,"column":0},"end":{"line":187,"column":18}},"187":{"start":{"line":188,"column":0},"end":{"line":188,"column":49}},"188":{"start":{"line":189,"column":0},"end":{"line":189,"column":86}},"190":{"start":{"line":191,"column":0},"end":{"line":191,"column":43}},"191":{"start":{"line":192,"column":0},"end":{"line":192,"column":50}},"192":{"start":{"line":193,"column":0},"end":{"line":193,"column":4}},"194":{"start":{"line":195,"column":0},"end":{"line":195,"column":30}},"195":{"start":{"line":196,"column":0},"end":{"line":196,"column":6}},"196":{"start":{"line":197,"column":0},"end":{"line":197,"column":60}},"197":{"start":{"line":198,"column":0},"end":{"line":198,"column":4}},"199":{"start":{"line":200,"column":0},"end":{"line":200,"column":75}},"200":{"start":{"line":201,"column":0},"end":{"line":201,"column":81}},"202":{"start":{"line":203,"column":0},"end":{"line":203,"column":29}},"203":{"start":{"line":204,"column":0},"end":{"line":204,"column":75}},"206":{"start":{"line":207,"column":0},"end":{"line":207,"column":33}},"207":{"start":{"line":208,"column":0},"end":{"line":208,"column":57}},"208":{"start":{"line":209,"column":0},"end":{"line":209,"column":19}},"209":{"start":{"line":210,"column":0},"end":{"line":210,"column":44}},"210":{"start":{"line":211,"column":0},"end":{"line":211,"column":40}},"211":{"start":{"line":212,"column":0},"end":{"line":212,"column":42}},"212":{"start":{"line":213,"column":0},"end":{"line":213,"column":80}},"213":{"start":{"line":214,"column":0},"end":{"line":214,"column":38}},"215":{"start":{"line":216,"column":0},"end":{"line":216,"column":49}},"216":{"start":{"line":217,"column":0},"end":{"line":217,"column":9}},"217":{"start":{"line":218,"column":0},"end":{"line":218,"column":7}},"218":{"start":{"line":219,"column":0},"end":{"line":219,"column":39}},"219":{"start":{"line":220,"column":0},"end":{"line":220,"column":12}},"220":{"start":{"line":221,"column":0},"end":{"line":221,"column":110}},"221":{"start":{"line":222,"column":0},"end":{"line":222,"column":5}},"224":{"start":{"line":225,"column":0},"end":{"line":225,"column":60}},"225":{"start":{"line":226,"column":0},"end":{"line":226,"column":49}},"226":{"start":{"line":227,"column":0},"end":{"line":227,"column":82}},"227":{"start":{"line":228,"column":0},"end":{"line":228,"column":45}},"228":{"start":{"line":229,"column":0},"end":{"line":229,"column":5}},"229":{"start":{"line":230,"column":0},"end":{"line":230,"column":3}},"231":{"start":{"line":232,"column":0},"end":{"line":232,"column":48}},"232":{"start":{"line":233,"column":0},"end":{"line":233,"column":1}},"242":{"start":{"line":243,"column":0},"end":{"line":243,"column":35}},"243":{"start":{"line":244,"column":0},"end":{"line":244,"column":23}},"244":{"start":{"line":245,"column":0},"end":{"line":245,"column":17}},"245":{"start":{"line":246,"column":0},"end":{"line":246,"column":25}},"246":{"start":{"line":247,"column":0},"end":{"line":247,"column":21}},"247":{"start":{"line":248,"column":0},"end":{"line":248,"column":99}},"248":{"start":{"line":249,"column":0},"end":{"line":249,"column":78}},"249":{"start":{"line":250,"column":0},"end":{"line":250,"column":1}},"264":{"start":{"line":265,"column":0},"end":{"line":265,"column":30}},"265":{"start":{"line":266,"column":0},"end":{"line":266,"column":28}},"266":{"start":{"line":267,"column":0},"end":{"line":267,"column":30}},"267":{"start":{"line":268,"column":0},"end":{"line":268,"column":41}},"268":{"start":{"line":269,"column":0},"end":{"line":269,"column":60}},"270":{"start":{"line":271,"column":0},"end":{"line":271,"column":35}},"272":{"start":{"line":273,"column":0},"end":{"line":273,"column":43}},"273":{"start":{"line":274,"column":0},"end":{"line":274,"column":36}},"274":{"start":{"line":275,"column":0},"end":{"line":275,"column":51}},"275":{"start":{"line":276,"column":0},"end":{"line":276,"column":44}},"276":{"start":{"line":277,"column":0},"end":{"line":277,"column":39}},"277":{"start":{"line":278,"column":0},"end":{"line":278,"column":7}},"278":{"start":{"line":279,"column":0},"end":{"line":279,"column":5}},"281":{"start":{"line":282,"column":0},"end":{"line":282,"column":27}},"282":{"start":{"line":283,"column":0},"end":{"line":283,"column":31}},"284":{"start":{"line":285,"column":0},"end":{"line":285,"column":52}},"285":{"start":{"line":286,"column":0},"end":{"line":286,"column":40}},"286":{"start":{"line":287,"column":0},"end":{"line":287,"column":64}},"288":{"start":{"line":289,"column":0},"end":{"line":289,"column":73}},"289":{"start":{"line":290,"column":0},"end":{"line":290,"column":25}},"290":{"start":{"line":291,"column":0},"end":{"line":291,"column":14}},"291":{"start":{"line":292,"column":0},"end":{"line":292,"column":27}},"292":{"start":{"line":293,"column":0},"end":{"line":293,"column":86}},"293":{"start":{"line":294,"column":0},"end":{"line":294,"column":7}},"295":{"start":{"line":296,"column":0},"end":{"line":296,"column":49}},"296":{"start":{"line":297,"column":0},"end":{"line":297,"column":49}},"298":{"start":{"line":299,"column":0},"end":{"line":299,"column":39}},"299":{"start":{"line":300,"column":0},"end":{"line":300,"column":46}},"300":{"start":{"line":301,"column":0},"end":{"line":301,"column":26}},"301":{"start":{"line":302,"column":0},"end":{"line":302,"column":49}},"302":{"start":{"line":303,"column":0},"end":{"line":303,"column":43}},"303":{"start":{"line":304,"column":0},"end":{"line":304,"column":13}},"304":{"start":{"line":305,"column":0},"end":{"line":305,"column":79}},"305":{"start":{"line":306,"column":0},"end":{"line":306,"column":11}},"306":{"start":{"line":307,"column":0},"end":{"line":307,"column":32}},"307":{"start":{"line":308,"column":0},"end":{"line":308,"column":9}},"308":{"start":{"line":309,"column":0},"end":{"line":309,"column":30}},"309":{"start":{"line":310,"column":0},"end":{"line":310,"column":78}},"310":{"start":{"line":311,"column":0},"end":{"line":311,"column":9}},"311":{"start":{"line":312,"column":0},"end":{"line":312,"column":7}},"312":{"start":{"line":313,"column":0},"end":{"line":313,"column":5}},"313":{"start":{"line":314,"column":0},"end":{"line":314,"column":3}},"315":{"start":{"line":316,"column":0},"end":{"line":316,"column":16}},"316":{"start":{"line":317,"column":0},"end":{"line":317,"column":1}},"322":{"start":{"line":323,"column":0},"end":{"line":323,"column":93}},"323":{"start":{"line":324,"column":0},"end":{"line":324,"column":45}},"324":{"start":{"line":325,"column":0},"end":{"line":325,"column":29}},"325":{"start":{"line":326,"column":0},"end":{"line":326,"column":25}},"326":{"start":{"line":327,"column":0},"end":{"line":327,"column":3}},"327":{"start":{"line":328,"column":0},"end":{"line":328,"column":10}},"328":{"start":{"line":329,"column":0},"end":{"line":329,"column":24}},"329":{"start":{"line":330,"column":0},"end":{"line":330,"column":28}},"330":{"start":{"line":331,"column":0},"end":{"line":331,"column":19}},"331":{"start":{"line":332,"column":0},"end":{"line":332,"column":18}},"332":{"start":{"line":333,"column":0},"end":{"line":333,"column":12}},"333":{"start":{"line":334,"column":0},"end":{"line":334,"column":12}},"334":{"start":{"line":335,"column":0},"end":{"line":335,"column":4}},"335":{"start":{"line":336,"column":0},"end":{"line":336,"column":1}}},"s":{"0":1,"38":1,"39":20,"40":20,"41":20,"42":20,"43":20,"44":2,"45":2,"48":18,"51":18,"52":42,"53":18,"56":18,"57":18,"58":18,"61":18,"62":18,"63":18,"64":18,"65":18,"68":18,"69":20,"70":1,"71":2,"72":2,"73":2,"74":2,"75":1,"78":18,"81":18,"82":18,"84":20,"85":42,"87":68,"88":2,"89":2,"90":2,"92":67,"93":68,"94":68,"95":68,"98":42,"99":42,"100":6,"101":6,"102":6,"103":6,"104":6,"105":42,"107":18,"108":18,"109":18,"110":18,"111":18,"112":18,"113":18,"114":18,"115":18,"125":1,"126":7,"127":7,"128":7,"129":7,"130":7,"133":7,"134":7,"135":14,"136":14,"137":14,"138":14,"141":7,"142":11,"143":11,"144":7,"147":7,"151":7,"152":7,"153":11,"154":11,"155":11,"156":3,"157":3,"158":11,"159":11,"161":7,"162":14,"163":14,"164":7,"166":7,"167":7,"168":7,"169":7,"170":7,"171":7,"181":1,"182":3,"183":3,"184":3,"185":3,"186":3,"187":3,"188":3,"190":3,"191":3,"192":3,"194":3,"195":3,"196":3,"197":3,"199":3,"200":3,"202":3,"203":2,"206":2,"207":2,"208":2,"209":2,"210":2,"211":5,"212":5,"213":5,"215":5,"216":5,"217":5,"218":2,"219":2,"220":0,"221":0,"224":2,"225":2,"226":2,"227":2,"228":2,"229":2,"231":3,"232":3,"242":1,"243":0,"244":0,"245":0,"246":0,"247":0,"248":0,"249":0,"264":18,"265":18,"266":18,"267":18,"268":18,"270":18,"272":5,"273":5,"274":24,"275":24,"276":23,"277":23,"278":24,"281":5,"282":5,"284":5,"285":23,"286":23,"288":23,"289":16,"290":23,"291":7,"292":7,"293":7,"295":23,"296":6,"298":6,"299":6,"300":6,"301":6,"302":6,"303":6,"304":6,"305":6,"306":6,"307":6,"308":6,"309":2,"310":2,"311":6,"312":23,"313":5,"315":18,"316":18,"322":2,"323":2,"324":2,"325":2,"326":2,"327":2,"328":2,"329":2,"330":2,"331":2,"332":2,"333":2,"334":2,"335":2},"branchMap":{"0":{"type":"branch","line":39,"loc":{"start":{"line":39,"column":7},"end":{"line":116,"column":1}},"locations":[{"start":{"line":39,"column":7},"end":{"line":116,"column":1}}]},"1":{"type":"branch","line":44,"loc":{"start":{"line":44,"column":34},"end":{"line":46,"column":3}},"locations":[{"start":{"line":44,"column":34},"end":{"line":46,"column":3}}]},"2":{"type":"branch","line":46,"loc":{"start":{"line":46,"column":2},"end":{"line":70,"column":39}},"locations":[{"start":{"line":46,"column":2},"end":{"line":70,"column":39}}]},"3":{"type":"branch","line":70,"loc":{"start":{"line":70,"column":39},"end":{"line":76,"column":3}},"locations":[{"start":{"line":70,"column":39},"end":{"line":76,"column":3}}]},"4":{"type":"branch","line":71,"loc":{"start":{"line":71,"column":32},"end":{"line":75,"column":5}},"locations":[{"start":{"line":71,"column":32},"end":{"line":75,"column":5}}]},"5":{"type":"branch","line":76,"loc":{"start":{"line":76,"column":2},"end":{"line":85,"column":37}},"locations":[{"start":{"line":76,"column":2},"end":{"line":85,"column":37}}]},"6":{"type":"branch","line":85,"loc":{"start":{"line":85,"column":37},"end":{"line":106,"column":3}},"locations":[{"start":{"line":85,"column":37},"end":{"line":106,"column":3}}]},"7":{"type":"branch","line":86,"loc":{"start":{"line":86,"column":72},"end":{"line":96,"column":5}},"locations":[{"start":{"line":86,"column":72},"end":{"line":96,"column":5}}]},"8":{"type":"branch","line":88,"loc":{"start":{"line":88,"column":38},"end":{"line":91,"column":7}},"locations":[{"start":{"line":88,"column":38},"end":{"line":91,"column":7}}]},"9":{"type":"branch","line":90,"loc":{"start":{"line":90,"column":43},"end":{"line":90,"column":52}},"locations":[{"start":{"line":90,"column":43},"end":{"line":90,"column":52}}]},"10":{"type":"branch","line":91,"loc":{"start":{"line":91,"column":6},"end":{"line":94,"column":44}},"locations":[{"start":{"line":91,"column":6},"end":{"line":94,"column":44}}]},"11":{"type":"branch","line":94,"loc":{"start":{"line":94,"column":39},"end":{"line":94,"column":49}},"locations":[{"start":{"line":94,"column":39},"end":{"line":94,"column":49}}]},"12":{"type":"branch","line":100,"loc":{"start":{"line":100,"column":17},"end":{"line":105,"column":5}},"locations":[{"start":{"line":100,"column":17},"end":{"line":105,"column":5}}]},"13":{"type":"branch","line":102,"loc":{"start":{"line":102,"column":41},"end":{"line":102,"column":51}},"locations":[{"start":{"line":102,"column":41},"end":{"line":102,"column":51}}]},"14":{"type":"branch","line":106,"loc":{"start":{"line":106,"column":2},"end":{"line":116,"column":1}},"locations":[{"start":{"line":106,"column":2},"end":{"line":116,"column":1}}]},"15":{"type":"branch","line":49,"loc":{"start":{"line":49,"column":41},"end":{"line":49,"column":97}},"locations":[{"start":{"line":49,"column":41},"end":{"line":49,"column":97}}]},"16":{"type":"branch","line":49,"loc":{"start":{"line":49,"column":62},"end":{"line":49,"column":74}},"locations":[{"start":{"line":49,"column":62},"end":{"line":49,"column":74}}]},"17":{"type":"branch","line":49,"loc":{"start":{"line":49,"column":92},"end":{"line":49,"column":97}},"locations":[{"start":{"line":49,"column":92},"end":{"line":49,"column":97}}]},"18":{"type":"branch","line":52,"loc":{"start":{"line":52,"column":31},"end":{"line":53,"column":52}},"locations":[{"start":{"line":52,"column":31},"end":{"line":53,"column":52}}]},"19":{"type":"branch","line":58,"loc":{"start":{"line":58,"column":4},"end":{"line":58,"column":48}},"locations":[{"start":{"line":58,"column":4},"end":{"line":58,"column":48}}]},"20":{"type":"branch","line":64,"loc":{"start":{"line":64,"column":14},"end":{"line":64,"column":39}},"locations":[{"start":{"line":64,"column":14},"end":{"line":64,"column":39}}]},"21":{"type":"branch","line":65,"loc":{"start":{"line":65,"column":11},"end":{"line":65,"column":20}},"locations":[{"start":{"line":65,"column":11},"end":{"line":65,"column":20}}]},"22":{"type":"branch","line":126,"loc":{"start":{"line":126,"column":7},"end":{"line":172,"column":1}},"locations":[{"start":{"line":126,"column":7},"end":{"line":172,"column":1}}]},"23":{"type":"branch","line":135,"loc":{"start":{"line":135,"column":34},"end":{"line":139,"column":3}},"locations":[{"start":{"line":135,"column":34},"end":{"line":139,"column":3}}]},"24":{"type":"branch","line":136,"loc":{"start":{"line":136,"column":53},"end":{"line":136,"column":61}},"locations":[{"start":{"line":136,"column":53},"end":{"line":136,"column":61}}]},"25":{"type":"branch","line":153,"loc":{"start":{"line":153,"column":45},"end":{"line":160,"column":3}},"locations":[{"start":{"line":153,"column":45},"end":{"line":160,"column":3}}]},"26":{"type":"branch","line":155,"loc":{"start":{"line":155,"column":21},"end":{"line":155,"column":44}},"locations":[{"start":{"line":155,"column":21},"end":{"line":155,"column":44}}]},"27":{"type":"branch","line":155,"loc":{"start":{"line":155,"column":40},"end":{"line":155,"column":54}},"locations":[{"start":{"line":155,"column":40},"end":{"line":155,"column":54}}]},"28":{"type":"branch","line":156,"loc":{"start":{"line":156,"column":20},"end":{"line":156,"column":69}},"locations":[{"start":{"line":156,"column":20},"end":{"line":156,"column":69}}]},"29":{"type":"branch","line":156,"loc":{"start":{"line":156,"column":69},"end":{"line":158,"column":5}},"locations":[{"start":{"line":156,"column":69},"end":{"line":158,"column":5}}]},"30":{"type":"branch","line":131,"loc":{"start":{"line":131,"column":39},"end":{"line":131,"column":52}},"locations":[{"start":{"line":131,"column":39},"end":{"line":131,"column":52}}]},"31":{"type":"branch","line":142,"loc":{"start":{"line":142,"column":38},"end":{"line":145,"column":3}},"locations":[{"start":{"line":142,"column":38},"end":{"line":145,"column":3}}]},"32":{"type":"branch","line":143,"loc":{"start":{"line":143,"column":55},"end":{"line":143,"column":63}},"locations":[{"start":{"line":143,"column":55},"end":{"line":143,"column":63}}]},"33":{"type":"branch","line":148,"loc":{"start":{"line":148,"column":17},"end":{"line":148,"column":56}},"locations":[{"start":{"line":148,"column":17},"end":{"line":148,"column":56}}]},"34":{"type":"branch","line":162,"loc":{"start":{"line":162,"column":41},"end":{"line":165,"column":3}},"locations":[{"start":{"line":162,"column":41},"end":{"line":165,"column":3}}]},"35":{"type":"branch","line":163,"loc":{"start":{"line":163,"column":38},"end":{"line":163,"column":62}},"locations":[{"start":{"line":163,"column":38},"end":{"line":163,"column":62}}]},"36":{"type":"branch","line":182,"loc":{"start":{"line":182,"column":7},"end":{"line":233,"column":1}},"locations":[{"start":{"line":182,"column":7},"end":{"line":233,"column":1}}]},"37":{"type":"branch","line":203,"loc":{"start":{"line":203,"column":28},"end":{"line":230,"column":3}},"locations":[{"start":{"line":203,"column":28},"end":{"line":230,"column":3}}]},"38":{"type":"branch","line":204,"loc":{"start":{"line":204,"column":32},"end":{"line":204,"column":75}},"locations":[{"start":{"line":204,"column":32},"end":{"line":204,"column":75}}]},"39":{"type":"branch","line":208,"loc":{"start":{"line":208,"column":23},"end":{"line":208,"column":52}},"locations":[{"start":{"line":208,"column":23},"end":{"line":208,"column":52}}]},"40":{"type":"branch","line":208,"loc":{"start":{"line":208,"column":34},"end":{"line":208,"column":57}},"locations":[{"start":{"line":208,"column":34},"end":{"line":208,"column":57}}]},"41":{"type":"branch","line":211,"loc":{"start":{"line":211,"column":39},"end":{"line":218,"column":7}},"locations":[{"start":{"line":211,"column":39},"end":{"line":218,"column":7}}]},"42":{"type":"branch","line":213,"loc":{"start":{"line":213,"column":21},"end":{"line":213,"column":49}},"locations":[{"start":{"line":213,"column":21},"end":{"line":213,"column":49}}]},"43":{"type":"branch","line":216,"loc":{"start":{"line":216,"column":22},"end":{"line":216,"column":42}},"locations":[{"start":{"line":216,"column":22},"end":{"line":216,"column":42}}]},"44":{"type":"branch","line":220,"loc":{"start":{"line":220,"column":4},"end":{"line":222,"column":5}},"locations":[{"start":{"line":220,"column":4},"end":{"line":222,"column":5}}]},"45":{"type":"branch","line":225,"loc":{"start":{"line":225,"column":22},"end":{"line":225,"column":59}},"locations":[{"start":{"line":225,"column":22},"end":{"line":225,"column":59}}]},"46":{"type":"branch","line":226,"loc":{"start":{"line":226,"column":23},"end":{"line":226,"column":44}},"locations":[{"start":{"line":226,"column":23},"end":{"line":226,"column":44}}]},"47":{"type":"branch","line":226,"loc":{"start":{"line":226,"column":35},"end":{"line":226,"column":49}},"locations":[{"start":{"line":226,"column":35},"end":{"line":226,"column":49}}]},"48":{"type":"branch","line":192,"loc":{"start":{"line":192,"column":4},"end":{"line":192,"column":50}},"locations":[{"start":{"line":192,"column":4},"end":{"line":192,"column":50}}]},"49":{"type":"branch","line":227,"loc":{"start":{"line":227,"column":40},"end":{"line":227,"column":73}},"locations":[{"start":{"line":227,"column":40},"end":{"line":227,"column":73}}]},"50":{"type":"branch","line":265,"loc":{"start":{"line":265,"column":0},"end":{"line":317,"column":1}},"locations":[{"start":{"line":265,"column":0},"end":{"line":317,"column":1}}]},"51":{"type":"branch","line":271,"loc":{"start":{"line":271,"column":34},"end":{"line":314,"column":3}},"locations":[{"start":{"line":271,"column":34},"end":{"line":314,"column":3}}]},"52":{"type":"branch","line":274,"loc":{"start":{"line":274,"column":35},"end":{"line":279,"column":5}},"locations":[{"start":{"line":274,"column":35},"end":{"line":279,"column":5}}]},"53":{"type":"branch","line":276,"loc":{"start":{"line":276,"column":43},"end":{"line":278,"column":7}},"locations":[{"start":{"line":276,"column":43},"end":{"line":278,"column":7}}]},"54":{"type":"branch","line":285,"loc":{"start":{"line":285,"column":51},"end":{"line":313,"column":5}},"locations":[{"start":{"line":285,"column":51},"end":{"line":313,"column":5}}]},"55":{"type":"branch","line":287,"loc":{"start":{"line":287,"column":27},"end":{"line":287,"column":54}},"locations":[{"start":{"line":287,"column":27},"end":{"line":287,"column":54}}]},"56":{"type":"branch","line":287,"loc":{"start":{"line":287,"column":50},"end":{"line":287,"column":64}},"locations":[{"start":{"line":287,"column":50},"end":{"line":287,"column":64}}]},"57":{"type":"branch","line":289,"loc":{"start":{"line":289,"column":23},"end":{"line":289,"column":72}},"locations":[{"start":{"line":289,"column":23},"end":{"line":289,"column":72}}]},"58":{"type":"branch","line":289,"loc":{"start":{"line":289,"column":72},"end":{"line":291,"column":13}},"locations":[{"start":{"line":289,"column":72},"end":{"line":291,"column":13}}]},"59":{"type":"branch","line":291,"loc":{"start":{"line":291,"column":6},"end":{"line":294,"column":7}},"locations":[{"start":{"line":291,"column":6},"end":{"line":294,"column":7}}]},"60":{"type":"branch","line":293,"loc":{"start":{"line":293,"column":30},"end":{"line":293,"column":86}},"locations":[{"start":{"line":293,"column":30},"end":{"line":293,"column":86}}]},"61":{"type":"branch","line":296,"loc":{"start":{"line":296,"column":48},"end":{"line":312,"column":7}},"locations":[{"start":{"line":296,"column":48},"end":{"line":312,"column":7}}]},"62":{"type":"branch","line":297,"loc":{"start":{"line":297,"column":17},"end":{"line":297,"column":48}},"locations":[{"start":{"line":297,"column":17},"end":{"line":297,"column":48}}]},"63":{"type":"branch","line":309,"loc":{"start":{"line":309,"column":29},"end":{"line":311,"column":9}},"locations":[{"start":{"line":309,"column":29},"end":{"line":311,"column":9}}]},"64":{"type":"branch","line":323,"loc":{"start":{"line":323,"column":0},"end":{"line":336,"column":1}},"locations":[{"start":{"line":323,"column":0},"end":{"line":336,"column":1}}]}},"b":{"0":[20],"1":[2],"2":[18],"3":[1],"4":[2],"5":[18],"6":[42],"7":[68],"8":[2],"9":[1],"10":[67],"11":[24],"12":[6],"13":[0],"14":[18],"15":[24],"16":[0],"17":[0],"18":[42],"19":[24],"20":[24],"21":[1],"22":[7],"23":[14],"24":[13],"25":[11],"26":[4],"27":[7],"28":[4],"29":[3],"30":[14],"31":[11],"32":[1],"33":[4],"34":[14],"35":[19],"36":[3],"37":[2],"38":[0],"39":[1],"40":[1],"41":[5],"42":[2],"43":[3],"44":[0],"45":[0],"46":[1],"47":[1],"48":[5],"49":[5],"50":[18],"51":[5],"52":[24],"53":[23],"54":[23],"55":[18],"56":[5],"57":[18],"58":[16],"59":[7],"60":[6],"61":[6],"62":[4],"63":[2],"64":[2]},"fnMap":{"0":{"name":"aggregateMember","decl":{"start":{"line":39,"column":7},"end":{"line":116,"column":1}},"loc":{"start":{"line":39,"column":7},"end":{"line":116,"column":1}},"line":39},"1":{"name":"buildLeaderboard","decl":{"start":{"line":126,"column":7},"end":{"line":172,"column":1}},"loc":{"start":{"line":126,"column":7},"end":{"line":172,"column":1}},"line":126},"2":{"name":"buildWeeklySummary","decl":{"start":{"line":182,"column":7},"end":{"line":233,"column":1}},"loc":{"start":{"line":182,"column":7},"end":{"line":233,"column":1}},"line":182},"3":{"name":"evaluateAllEntries","decl":{"start":{"line":243,"column":7},"end":{"line":250,"column":1}},"loc":{"start":{"line":243,"column":7},"end":{"line":250,"column":1}},"line":243},"4":{"name":"computeStreakBonuses","decl":{"start":{"line":265,"column":0},"end":{"line":317,"column":1}},"loc":{"start":{"line":265,"column":0},"end":{"line":317,"column":1}},"line":265},"5":{"name":"emptyStanding","decl":{"start":{"line":323,"column":0},"end":{"line":336,"column":1}},"loc":{"start":{"line":323,"column":0},"end":{"line":336,"column":1}},"line":323}},"f":{"0":20,"1":7,"2":3,"3":0,"4":18,"5":2}}
,"/Users/olawal/Documents/GitHub/summer-challenge/src/lib/rules/evaluate.ts": {"path":"/Users/olawal/Documents/GitHub/summer-challenge/src/lib/rules/evaluate.ts","all":false,"statementMap":{"0":{"start":{"line":1,"column":0},"end":{"line":1,"column":3}},"51":{"start":{"line":52,"column":0},"end":{"line":52,"column":30}},"52":{"start":{"line":53,"column":0},"end":{"line":53,"column":23}},"53":{"start":{"line":54,"column":0},"end":{"line":54,"column":15}},"54":{"start":{"line":55,"column":0},"end":{"line":55,"column":17}},"55":{"start":{"line":56,"column":0},"end":{"line":56,"column":25}},"56":{"start":{"line":57,"column":0},"end":{"line":57,"column":19}},"57":{"start":{"line":58,"column":0},"end":{"line":58,"column":42}},"58":{"start":{"line":59,"column":0},"end":{"line":59,"column":59}},"59":{"start":{"line":60,"column":0},"end":{"line":60,"column":52}},"60":{"start":{"line":61,"column":0},"end":{"line":61,"column":22}},"63":{"start":{"line":64,"column":0},"end":{"line":64,"column":46}},"64":{"start":{"line":65,"column":0},"end":{"line":65,"column":33}},"65":{"start":{"line":66,"column":0},"end":{"line":66,"column":72}},"66":{"start":{"line":67,"column":0},"end":{"line":67,"column":15}},"67":{"start":{"line":68,"column":0},"end":{"line":68,"column":5}},"69":{"start":{"line":70,"column":0},"end":{"line":70,"column":80}},"70":{"start":{"line":71,"column":0},"end":{"line":71,"column":30}},"71":{"start":{"line":72,"column":0},"end":{"line":72,"column":33}},"72":{"start":{"line":73,"column":0},"end":{"line":73,"column":3}},"74":{"start":{"line":75,"column":0},"end":{"line":75,"column":10}},"75":{"start":{"line":76,"column":0},"end":{"line":76,"column":22}},"76":{"start":{"line":77,"column":0},"end":{"line":77,"column":21}},"77":{"start":{"line":78,"column":0},"end":{"line":78,"column":29}},"78":{"start":{"line":79,"column":0},"end":{"line":79,"column":16}},"79":{"start":{"line":80,"column":0},"end":{"line":80,"column":12}},"80":{"start":{"line":81,"column":0},"end":{"line":81,"column":4}},"81":{"start":{"line":82,"column":0},"end":{"line":82,"column":1}},"91":{"start":{"line":92,"column":0},"end":{"line":92,"column":29}},"92":{"start":{"line":93,"column":0},"end":{"line":93,"column":42}},"93":{"start":{"line":94,"column":0},"end":{"line":94,"column":15}},"94":{"start":{"line":95,"column":0},"end":{"line":95,"column":17}},"95":{"start":{"line":96,"column":0},"end":{"line":96,"column":25}},"96":{"start":{"line":97,"column":0},"end":{"line":97,"column":53}},"97":{"start":{"line":98,"column":0},"end":{"line":98,"column":18}},"98":{"start":{"line":99,"column":0},"end":{"line":99,"column":22}},"99":{"start":{"line":100,"column":0},"end":{"line":100,"column":18}},"100":{"start":{"line":101,"column":0},"end":{"line":101,"column":64}},"101":{"start":{"line":102,"column":0},"end":{"line":102,"column":19}},"102":{"start":{"line":103,"column":0},"end":{"line":103,"column":38}},"103":{"start":{"line":104,"column":0},"end":{"line":104,"column":17}},"104":{"start":{"line":105,"column":0},"end":{"line":105,"column":36}},"105":{"start":{"line":106,"column":0},"end":{"line":106,"column":19}},"106":{"start":{"line":107,"column":0},"end":{"line":107,"column":65}},"107":{"start":{"line":108,"column":0},"end":{"line":108,"column":19}},"108":{"start":{"line":109,"column":0},"end":{"line":109,"column":46}},"109":{"start":{"line":110,"column":0},"end":{"line":110,"column":3}},"110":{"start":{"line":111,"column":0},"end":{"line":111,"column":1}},"116":{"start":{"line":117,"column":0},"end":{"line":117,"column":20}},"117":{"start":{"line":118,"column":0},"end":{"line":118,"column":19}},"118":{"start":{"line":119,"column":0},"end":{"line":119,"column":15}},"119":{"start":{"line":120,"column":0},"end":{"line":120,"column":25}},"120":{"start":{"line":121,"column":0},"end":{"line":121,"column":53}},"121":{"start":{"line":122,"column":0},"end":{"line":122,"column":18}},"122":{"start":{"line":123,"column":0},"end":{"line":123,"column":41}},"124":{"start":{"line":125,"column":0},"end":{"line":125,"column":31}},"125":{"start":{"line":126,"column":0},"end":{"line":126,"column":58}},"126":{"start":{"line":127,"column":0},"end":{"line":127,"column":3}},"128":{"start":{"line":129,"column":0},"end":{"line":129,"column":71}},"129":{"start":{"line":130,"column":0},"end":{"line":130,"column":58}},"130":{"start":{"line":131,"column":0},"end":{"line":131,"column":3}},"132":{"start":{"line":133,"column":0},"end":{"line":133,"column":14}},"133":{"start":{"line":134,"column":0},"end":{"line":134,"column":39}},"134":{"start":{"line":135,"column":0},"end":{"line":135,"column":43}},"135":{"start":{"line":136,"column":0},"end":{"line":136,"column":20}},"137":{"start":{"line":138,"column":0},"end":{"line":138,"column":29}},"138":{"start":{"line":139,"column":0},"end":{"line":139,"column":43}},"141":{"start":{"line":142,"column":0},"end":{"line":142,"column":63}},"142":{"start":{"line":143,"column":0},"end":{"line":143,"column":37}},"143":{"start":{"line":144,"column":0},"end":{"line":144,"column":58}},"144":{"start":{"line":145,"column":0},"end":{"line":145,"column":14}},"145":{"start":{"line":146,"column":0},"end":{"line":146,"column":23}},"146":{"start":{"line":147,"column":0},"end":{"line":147,"column":17}},"147":{"start":{"line":148,"column":0},"end":{"line":148,"column":20}},"148":{"start":{"line":149,"column":0},"end":{"line":149,"column":6}},"149":{"start":{"line":150,"column":0},"end":{"line":150,"column":53}},"150":{"start":{"line":151,"column":0},"end":{"line":151,"column":17}},"151":{"start":{"line":152,"column":0},"end":{"line":152,"column":80}},"152":{"start":{"line":153,"column":0},"end":{"line":153,"column":8}},"153":{"start":{"line":154,"column":0},"end":{"line":154,"column":14}},"154":{"start":{"line":155,"column":0},"end":{"line":155,"column":24}},"155":{"start":{"line":156,"column":0},"end":{"line":156,"column":17}},"156":{"start":{"line":157,"column":0},"end":{"line":157,"column":18}},"157":{"start":{"line":158,"column":0},"end":{"line":158,"column":31}},"158":{"start":{"line":159,"column":0},"end":{"line":159,"column":21}},"159":{"start":{"line":160,"column":0},"end":{"line":160,"column":14}},"160":{"start":{"line":161,"column":0},"end":{"line":161,"column":8}},"161":{"start":{"line":162,"column":0},"end":{"line":162,"column":5}},"162":{"start":{"line":163,"column":0},"end":{"line":163,"column":83}},"163":{"start":{"line":164,"column":0},"end":{"line":164,"column":3}},"165":{"start":{"line":166,"column":0},"end":{"line":166,"column":94}},"166":{"start":{"line":167,"column":0},"end":{"line":167,"column":1}},"172":{"start":{"line":173,"column":0},"end":{"line":173,"column":70}},"173":{"start":{"line":174,"column":0},"end":{"line":174,"column":41}},"175":{"start":{"line":176,"column":0},"end":{"line":176,"column":31}},"176":{"start":{"line":177,"column":0},"end":{"line":177,"column":58}},"177":{"start":{"line":178,"column":0},"end":{"line":178,"column":3}},"179":{"start":{"line":180,"column":0},"end":{"line":180,"column":83}},"180":{"start":{"line":181,"column":0},"end":{"line":181,"column":58}},"181":{"start":{"line":182,"column":0},"end":{"line":182,"column":3}},"183":{"start":{"line":184,"column":0},"end":{"line":184,"column":82}},"184":{"start":{"line":185,"column":0},"end":{"line":185,"column":29}},"186":{"start":{"line":187,"column":0},"end":{"line":187,"column":32}},"187":{"start":{"line":188,"column":0},"end":{"line":188,"column":56}},"188":{"start":{"line":189,"column":0},"end":{"line":189,"column":10}},"189":{"start":{"line":190,"column":0},"end":{"line":190,"column":58}},"190":{"start":{"line":191,"column":0},"end":{"line":191,"column":3}},"192":{"start":{"line":193,"column":0},"end":{"line":193,"column":59}},"193":{"start":{"line":194,"column":0},"end":{"line":194,"column":1}},"199":{"start":{"line":200,"column":0},"end":{"line":200,"column":66}},"200":{"start":{"line":201,"column":0},"end":{"line":201,"column":41}},"202":{"start":{"line":203,"column":0},"end":{"line":203,"column":31}},"203":{"start":{"line":204,"column":0},"end":{"line":204,"column":58}},"204":{"start":{"line":205,"column":0},"end":{"line":205,"column":3}},"206":{"start":{"line":207,"column":0},"end":{"line":207,"column":67}},"207":{"start":{"line":208,"column":0},"end":{"line":208,"column":58}},"208":{"start":{"line":209,"column":0},"end":{"line":209,"column":3}},"210":{"start":{"line":211,"column":0},"end":{"line":211,"column":62}},"211":{"start":{"line":212,"column":0},"end":{"line":212,"column":62}},"212":{"start":{"line":213,"column":0},"end":{"line":213,"column":22}},"213":{"start":{"line":214,"column":0},"end":{"line":214,"column":71}},"214":{"start":{"line":215,"column":0},"end":{"line":215,"column":77}},"216":{"start":{"line":217,"column":0},"end":{"line":217,"column":59}},"217":{"start":{"line":218,"column":0},"end":{"line":218,"column":1}},"223":{"start":{"line":224,"column":0},"end":{"line":224,"column":21}},"224":{"start":{"line":225,"column":0},"end":{"line":225,"column":20}},"225":{"start":{"line":226,"column":0},"end":{"line":226,"column":15}},"226":{"start":{"line":227,"column":0},"end":{"line":227,"column":25}},"227":{"start":{"line":228,"column":0},"end":{"line":228,"column":53}},"228":{"start":{"line":229,"column":0},"end":{"line":229,"column":18}},"229":{"start":{"line":230,"column":0},"end":{"line":230,"column":41}},"231":{"start":{"line":232,"column":0},"end":{"line":232,"column":31}},"232":{"start":{"line":233,"column":0},"end":{"line":233,"column":58}},"233":{"start":{"line":234,"column":0},"end":{"line":234,"column":3}},"235":{"start":{"line":236,"column":0},"end":{"line":236,"column":81}},"236":{"start":{"line":237,"column":0},"end":{"line":237,"column":58}},"237":{"start":{"line":238,"column":0},"end":{"line":238,"column":3}},"239":{"start":{"line":240,"column":0},"end":{"line":240,"column":29}},"240":{"start":{"line":241,"column":0},"end":{"line":241,"column":67}},"241":{"start":{"line":242,"column":0},"end":{"line":242,"column":3}},"243":{"start":{"line":244,"column":0},"end":{"line":244,"column":28}},"244":{"start":{"line":245,"column":0},"end":{"line":245,"column":12}},"245":{"start":{"line":246,"column":0},"end":{"line":246,"column":22}},"246":{"start":{"line":247,"column":0},"end":{"line":247,"column":15}},"247":{"start":{"line":248,"column":0},"end":{"line":248,"column":30}},"248":{"start":{"line":249,"column":0},"end":{"line":249,"column":25}},"249":{"start":{"line":250,"column":0},"end":{"line":250,"column":6}},"250":{"start":{"line":251,"column":0},"end":{"line":251,"column":3}},"253":{"start":{"line":254,"column":0},"end":{"line":254,"column":31}},"254":{"start":{"line":255,"column":0},"end":{"line":255,"column":64}},"255":{"start":{"line":256,"column":0},"end":{"line":256,"column":14}},"256":{"start":{"line":257,"column":0},"end":{"line":257,"column":23}},"257":{"start":{"line":258,"column":0},"end":{"line":258,"column":17}},"258":{"start":{"line":259,"column":0},"end":{"line":259,"column":20}},"259":{"start":{"line":260,"column":0},"end":{"line":260,"column":6}},"260":{"start":{"line":261,"column":0},"end":{"line":261,"column":33}},"261":{"start":{"line":262,"column":0},"end":{"line":262,"column":14}},"262":{"start":{"line":263,"column":0},"end":{"line":263,"column":24}},"263":{"start":{"line":264,"column":0},"end":{"line":264,"column":17}},"264":{"start":{"line":265,"column":0},"end":{"line":265,"column":18}},"265":{"start":{"line":266,"column":0},"end":{"line":266,"column":32}},"266":{"start":{"line":267,"column":0},"end":{"line":267,"column":57}},"267":{"start":{"line":268,"column":0},"end":{"line":268,"column":8}},"268":{"start":{"line":269,"column":0},"end":{"line":269,"column":5}},"269":{"start":{"line":270,"column":0},"end":{"line":270,"column":3}},"271":{"start":{"line":272,"column":0},"end":{"line":272,"column":10}},"272":{"start":{"line":273,"column":0},"end":{"line":273,"column":20}},"273":{"start":{"line":274,"column":0},"end":{"line":274,"column":13}},"274":{"start":{"line":275,"column":0},"end":{"line":275,"column":37}},"275":{"start":{"line":276,"column":0},"end":{"line":276,"column":47}},"276":{"start":{"line":277,"column":0},"end":{"line":277,"column":4}},"277":{"start":{"line":278,"column":0},"end":{"line":278,"column":1}},"283":{"start":{"line":284,"column":0},"end":{"line":284,"column":86}},"284":{"start":{"line":285,"column":0},"end":{"line":285,"column":41}},"286":{"start":{"line":287,"column":0},"end":{"line":287,"column":31}},"287":{"start":{"line":288,"column":0},"end":{"line":288,"column":58}},"288":{"start":{"line":289,"column":0},"end":{"line":289,"column":3}},"290":{"start":{"line":291,"column":0},"end":{"line":291,"column":67}},"291":{"start":{"line":292,"column":0},"end":{"line":292,"column":58}},"292":{"start":{"line":293,"column":0},"end":{"line":293,"column":3}},"294":{"start":{"line":295,"column":0},"end":{"line":295,"column":38}},"295":{"start":{"line":296,"column":0},"end":{"line":296,"column":45}},"297":{"start":{"line":298,"column":0},"end":{"line":298,"column":85}},"298":{"start":{"line":299,"column":0},"end":{"line":299,"column":3}},"300":{"start":{"line":301,"column":0},"end":{"line":301,"column":65}},"301":{"start":{"line":302,"column":0},"end":{"line":302,"column":26}},"302":{"start":{"line":303,"column":0},"end":{"line":303,"column":89}},"303":{"start":{"line":304,"column":0},"end":{"line":304,"column":3}},"305":{"start":{"line":306,"column":0},"end":{"line":306,"column":18}},"306":{"start":{"line":307,"column":0},"end":{"line":307,"column":31}},"307":{"start":{"line":308,"column":0},"end":{"line":308,"column":84}},"308":{"start":{"line":309,"column":0},"end":{"line":309,"column":78}},"310":{"start":{"line":311,"column":0},"end":{"line":311,"column":63}},"311":{"start":{"line":312,"column":0},"end":{"line":312,"column":35}},"313":{"start":{"line":314,"column":0},"end":{"line":314,"column":17}},"314":{"start":{"line":315,"column":0},"end":{"line":315,"column":67}},"315":{"start":{"line":316,"column":0},"end":{"line":316,"column":4}},"317":{"start":{"line":318,"column":0},"end":{"line":318,"column":59}},"318":{"start":{"line":319,"column":0},"end":{"line":319,"column":1}},"328":{"start":{"line":329,"column":0},"end":{"line":329,"column":36}},"329":{"start":{"line":330,"column":0},"end":{"line":330,"column":33}},"330":{"start":{"line":331,"column":0},"end":{"line":331,"column":25}},"331":{"start":{"line":332,"column":0},"end":{"line":332,"column":12}},"332":{"start":{"line":333,"column":0},"end":{"line":333,"column":86}},"333":{"start":{"line":334,"column":0},"end":{"line":334,"column":59}},"334":{"start":{"line":335,"column":0},"end":{"line":335,"column":39}},"335":{"start":{"line":336,"column":0},"end":{"line":336,"column":1}}},"s":{"0":1,"51":1,"52":80,"53":80,"54":80,"55":80,"56":80,"57":80,"58":80,"59":80,"60":80,"63":80,"64":108,"65":25,"66":25,"67":25,"69":83,"70":83,"71":83,"72":83,"74":80,"75":80,"76":80,"77":80,"78":80,"79":80,"80":80,"81":80,"91":1,"92":83,"93":83,"94":83,"95":83,"96":83,"97":83,"98":83,"99":83,"100":51,"101":83,"102":9,"103":83,"104":6,"105":83,"106":8,"107":83,"108":9,"109":83,"110":83,"116":51,"117":51,"118":51,"119":51,"120":51,"121":51,"122":51,"124":51,"125":1,"126":1,"128":51,"129":0,"130":0,"132":50,"133":51,"134":6,"135":5,"137":51,"138":51,"141":51,"142":51,"143":7,"144":7,"145":7,"146":7,"147":7,"148":7,"149":7,"150":3,"151":3,"152":3,"153":3,"154":3,"155":3,"156":3,"157":3,"158":3,"159":3,"160":3,"161":3,"162":4,"163":4,"165":51,"166":51,"172":9,"173":9,"175":9,"176":2,"177":2,"179":9,"180":0,"181":0,"183":7,"184":7,"186":9,"187":4,"188":8,"189":3,"190":3,"192":7,"193":7,"199":6,"200":6,"202":6,"203":1,"204":1,"206":6,"207":0,"208":0,"210":6,"211":6,"212":6,"213":3,"214":2,"216":6,"217":6,"223":8,"224":8,"225":8,"226":8,"227":8,"228":8,"229":8,"231":8,"232":1,"233":1,"235":8,"236":0,"237":0,"239":8,"240":1,"241":1,"243":8,"244":1,"245":1,"246":1,"247":1,"248":1,"249":1,"250":1,"253":8,"254":4,"255":4,"256":4,"257":4,"258":4,"259":4,"260":4,"261":2,"262":2,"263":2,"264":2,"265":2,"266":2,"267":2,"268":2,"269":4,"271":3,"272":3,"273":3,"274":3,"275":3,"276":3,"277":3,"283":9,"284":9,"286":9,"287":1,"288":1,"290":9,"291":0,"292":0,"294":8,"295":9,"297":1,"298":1,"300":7,"301":9,"302":0,"303":0,"305":7,"306":7,"307":6,"308":1,"310":9,"311":9,"313":9,"314":9,"315":9,"317":9,"318":9,"328":1,"329":4,"330":4,"331":4,"332":4,"333":3,"334":3,"335":3},"branchMap":{"0":{"type":"branch","line":52,"loc":{"start":{"line":52,"column":7},"end":{"line":82,"column":1}},"locations":[{"start":{"line":52,"column":7},"end":{"line":82,"column":1}}]},"1":{"type":"branch","line":64,"loc":{"start":{"line":64,"column":45},"end":{"line":73,"column":3}},"locations":[{"start":{"line":64,"column":45},"end":{"line":73,"column":3}}]},"2":{"type":"branch","line":65,"loc":{"start":{"line":65,"column":32},"end":{"line":68,"column":5}},"locations":[{"start":{"line":65,"column":32},"end":{"line":68,"column":5}}]},"3":
[...]
,"/Users/olawal/Documents/GitHub/summer-challenge/src/lib/rules/presets.ts": {"path":"/Users/olawal/Documents/GitHub/summer-challenge/src/lib/rules/presets.ts","all":false,"statementMap":{"26":{"start":{"line":27,"column":0},"end":{"line":27,"column":78}},"27":{"start":{"line":28,"column":0},"end":{"line":28,"column":49}},"28":{"start":{"line":29,"column":0},"end":{"line":29,"column":10}},"29":{"start":{"line":30,"column":0},"end":{"line":30,"column":5}},"30":{"start":{"line":31,"column":0},"end":{"line":31,"column":16}},"31":{"start":{"line":32,"column":0},"end":{"line":32,"column":21}},"32":{"start":{"line":33,"column":0},"end":{"line":33,"column":18}},"33":{"start":{"line":34,"column":0},"end":{"line":34,"column":19}},"34":{"start":{"line":35,"column":0},"end":{"line":35,"column":15}},"35":{"start":{"line":36,"column":0},"end":{"line":36,"column":19}},"36":{"start":{"line":37,"column":0},"end":{"line":37,"column":18}},"37":{"start":{"line":38,"column":0},"end":{"line":38,"column":20}},"38":{"start":{"line":39,"column":0},"end":{"line":39,"column":47}},"39":{"start":{"line":40,"column":0},"end":{"line":40,"column":39}},"40":{"start":{"line":41,"column":0},"end":{"line":41,"column":6}},"41":{"start":{"line":42,"column":0},"end":{"line":42,"column":5}},"42":{"start":{"line":43,"column":0},"end":{"line":43,"column":18}},"43":{"start":{"line":44,"column":0},"end":{"line":44,"column":22}},"44":{"start":{"line":45,"column":0},"end":{"line":45,"column":20}},"45":{"start":{"line":46,"column":0},"end":{"line":46,"column":18}},"46":{"start":{"line":47,"column":0},"end":{"line":47,"column":15}},"47":{"start":{"line":48,"column":0},"end":{"line":48,"column":21}},"48":{"start":{"line":49,"column":0},"end":{"line":49,"column":19}},"49":{"start":{"line":50,"column":0},"end":{"line":50,"column":20}},"50":{"start":{"line":51,"column":0},"end":{"line":51,"column":18}},"51":{"start":{"line":52,"column":0},"end":{"line":52,"column":6}},"52":{"start":{"line":53,"column":0},"end":{"line":53,"column":5}},"53":{"start":{"line":54,"column":0},"end":{"line":54,"column":17}},"54":{"start":{"line":55,"column":0},"end":{"line":55,"column":22}},"55":{"start":{"line":56,"column":0},"end":{"line":56,"column":24}},"56":{"start":{"line":57,"column":0},"end":{"line":57,"column":18}},"57":{"start":{"line":58,"column":0},"end":{"line":58,"column":15}},"58":{"start":{"line":59,"column":0},"end":{"line":59,"column":21}},"59":{"start":{"line":60,"column":0},"end":{"line":60,"column":30}},"60":{"start":{"line":61,"column":0},"end":{"line":61,"column":20}},"61":{"start":{"line":62,"column":0},"end":{"line":62,"column":30}},"62":{"start":{"line":63,"column":0},"end":{"line":63,"column":47}},"63":{"start":{"line":64,"column":0},"end":{"line":64,"column":6}},"64":{"start":{"line":65,"column":0},"end":{"line":65,"column":5}},"65":{"start":{"line":66,"column":0},"end":{"line":66,"column":19}},"66":{"start":{"line":67,"column":0},"end":{"line":67,"column":22}},"67":{"start":{"line":68,"column":0},"end":{"line":68,"column":21}},"68":{"start":{"line":69,"column":0},"end":{"line":69,"column":18}},"69":{"start":{"line":70,"column":0},"end":{"line":70,"column":15}},"70":{"start":{"line":71,"column":0},"end":{"line":71,"column":20}},"71":{"start":{"line":72,"column":0},"end":{"line":72,"column":17}},"72":{"start":{"line":73,"column":0},"end":{"line":73,"column":18}},"73":{"start":{"line":74,"column":0},"end":{"line":74,"column":6}},"74":{"start":{"line":75,"column":0},"end":{"line":75,"column":4}},"75":{"start":{"line":76,"column":0},"end":{"line":76,"column":1}},"89":{"start":{"line":90,"column":0},"end":{"line":90,"column":81}},"90":{"start":{"line":91,"column":0},"end":{"line":91,"column":10}},"91":{"start":{"line":92,"column":0},"end":{"line":92,"column":5}},"92":{"start":{"line":93,"column":0},"end":{"line":93,"column":9}},"93":{"start":{"line":94,"column":0},"end":{"line":94,"column":21}},"94":{"start":{"line":95,"column":0},"end":{"line":95,"column":11}},"95":{"start":{"line":96,"column":0},"end":{"line":96,"column":12}},"96":{"start":{"line":97,"column":0},"end":{"line":97,"column":15}},"97":{"start":{"line":98,"column":0},"end":{"line":98,"column":19}},"98":{"start":{"line":99,"column":0},"end":{"line":99,"column":18}},"99":{"start":{"line":100,"column":0},"end":{"line":100,"column":20}},"100":{"start":{"line":101,"column":0},"end":{"line":101,"column":23}},"101":{"start":{"line":102,"column":0},"end":{"line":102,"column":22}},"102":{"start":{"line":103,"column":0},"end":{"line":103,"column":6}},"103":{"start":{"line":104,"column":0},"end":{"line":104,"column":4}},"104":{"start":{"line":105,"column":0},"end":{"line":105,"column":1}}},"s":{"26":1,"27":1,"28":1,"29":1,"30":1,"31":1,"32":1,"33":1,"34":1,"35":1,"36":1,"37":1,"38":1,"39":1,"40":1,"41":1,"42":1,"43":1,"44":1,"45":1,"46":1,"47":1,"48":1,"49":1,"50":1,"51":1,"52":1,"53":1,"54":1,"55":1,"56":1,"57":1,"58":1,"59":1,"60":1,"61":1,"62":1,"63":1,"64":1,"65":1,"66":1,"67":1,"68":1,"69":1,"70":1,"71":1,"72":1,"73":1,"74":1,"75":1,"89":1,"90":6,"91":6,"92":6,"93":6,"94":6,"95":6,"96":6,"97":6,"98":6,"99":6,"100":6,"101":6,"102":6,"103":6,"104":6},"branchMap":{"0":{"type":"branch","line":27,"loc":{"start":{"line":27,"column":7},"end":{"line":76,"column":1}},"locations":[{"start":{"line":27,"column":7},"end":{"line":76,"column":1}}]},"1":{"type":"branch","line":90,"loc":{"start":{"line":90,"column":7},"end":{"line":105,"column":1}},"locations":[{"start":{"line":90,"column":7},"end":{"line":105,"column":1}}]}},"b":{"0":[1],"1":[6]},"fnMap":{"0":{"name":"classicPreset","decl":{"start":{"line":27,"column":7},"end":{"line":76,"column":1}},"loc":{"start":{"line":27,"column":7},"end":{"line":76,"column":1}},"line":27},"1":{"name":"minimalPreset","decl":{"start":{"line":90,"column":7},"end":{"line":105,"column":1}},"loc":{"start":{"line":90,"column":7},"end":{"line":105,"column":1}},"line":90}},"f":{"0":1,"1":6}}
,"/Users/olawal/Documents/GitHub/summer-challenge/src/theme/AppThemeProvider.tsx": {"path":"/Users/olawal/Documents/GitHub/summer-challenge/src/theme/AppThemeProvider.tsx","all":true,"statementMap":{"0":{"start":{"line":1,"column":0},"end":{"line":1,"column":39}},"4":{"start":{"line":5,"column":0},"end":{"line":5,"column":73}},"5":{"start":{"line":6,"column":0},"end":{"line":6,"column":68}},"6":{"start":{"line":7,"column":0},"end":{"line":7,"column":1}}},"s":{"0":0,"4":0,"5":0,"6":0},"branchMap":{"0":{"type":"branch","line":1,"loc":{"start":{"line":1,"column":272},"end":{"line":7,"column":1}},"locations":[{"start":{"line":1,"column":272},"end":{"line":7,"column":1}}]}},"b":{"0":[0]},"fnMap":{"0":{"name":"(empty-report)","decl":{"start":{"line":1,"column":272},"end":{"line":7,"column":1}},"loc":{"start":{"line":1,"column":272},"end":{"line":7,"column":1}},"line":1}},"f":{"0":0}}
,"/Users/olawal/Documents/GitHub/summer-challenge/src/theme/GlobalStyle.tsx": {"path":"/Users/olawal/Documents/GitHub/summer-challenge/src/theme/GlobalStyle.tsx","all":true,"statementMap":{"0":{"start":{"line":1,"column":0},"end":{"line":1,"column":54}},"2":{"start":{"line":3,"column":0},"end":{"line":3,"column":45}},"12":{"start":{"line":13,"column":0},"end":{"line":13,"column":51}},"13":{"start":{"line":14,"column":0},"end":{"line":14,"column":49}},"14":{"start":{"line":15,"column":0},"end":{"line":15,"column":46}}},"s":{"0":0,"2":0,"12":0,"13":0,"14":0},"branchMap":{"0":{"type":"branch","line":1,"loc":{"start":{"line":1,"column":0},"end":{"line":18,"column":-75}},"locations":[{"start":{"line":1,"column":0},"end":{"line":18,"column":-75}}]}},"b":{"0":[0]},"fnMap":{"0":{"name":"(empty-report)","decl":{"start":{"line":1,"column":0},"end":{"line":18,"column":-75}},"loc":{"start":{"line":1,"column":0},"end":{"line":18,"column":-75}},"line":1}},"f":{"0":0}}
,"/Users/olawal/Documents/GitHub/summer-challenge/src/theme/theme.ts": {"path":"/Users/olawal/Documents/GitHub/summer-challenge/src/theme/theme.ts","all":true,"statementMap":{"37":{"start":{"line":38,"column":0},"end":{"line":38,"column":35}},"38":{"start":{"line":39,"column":0},"end":{"line":39,"column":10}},"39":{"start":{"line":40,"column":0},"end":{"line":40,"column":18}},"40":{"start":{"line":41,"column":0},"end":{"line":41,"column":23}},"41":{"start":{"line":42,"column":0},"end":{"line":42,"column":24}},"42":{"start":{"line":43,"column":0},"end":{"line":43,"column":37}},"43":{"start":{"line":44,"column":0},"end":{"line":44,"column":38}},"44":{"start":{"line":45,"column":0},"end":{"line":45,"column":20}},"45":{"start":{"line":46,"column":0},"end":{"line":46,"column":21}},"46":{"start":{"line":47,"column":0},"end":{"line":47,"column":22}},"47":{"start":{"line":48,"column":0},"end":{"line":48,"column":20}},"48":{"start":{"line":49,"column":0},"end":{"line":49,"column":37}},"49":{"start":{"line":50,"column":0},"end":{"line":50,"column":21}},"50":{"start":{"line":51,"column":0},"end":{"line":51,"column":38}},"51":{"start":{"line":52,"column":0},"end":{"line":52,"column":19}},"52":{"start":{"line":53,"column":0},"end":{"line":53,"column":37}},"53":{"start":{"line":54,"column":0},"end":{"line":54,"column":20}},"54":{"start":{"line":55,"column":0},"end":{"line":55,"column":37}},"55":{"start":{"line":56,"column":0},"end":{"line":56,"column":22}},"56":{"start":{"line":57,"column":0},"end":{"line":57,"column":40}},"57":{"start":{"line":58,"column":0},"end":{"line":58,"column":38}},"58":{"start":{"line":59,"column":0},"end":{"line":59,"column":43}},"59":{"start":{"line":60,"column":0},"end":{"line":60,"column":35}},"60":{"start":{"line":61,"column":0},"end":{"line":61,"column":40}},"61":{"start":{"line":62,"column":0},"end":{"line":62,"column":4}},"62":{"start":{"line":63,"column":0},"end":{"line":63,"column":9}},"63":{"start":{"line":64,"column":0},"end":{"line":64,"column":39}},"64":{"start":{"line":65,"column":0},"end":{"line":65,"column":34}},"65":{"start":{"line":66,"column":0},"end":{"line":66,"column":4}},"66":{"start":{"line":67,"column":0},"end":{"line":67,"column":10}},"67":{"start":{"line":68,"column":0},"end":{"line":68,"column":14}},"68":{"start":{"line":69,"column":0},"end":{"line":69,"column":14}},"69":{"start":{"line":70,"column":0},"end":{"line":70,"column":15}},"70":{"start":{"line":71,"column":0},"end":{"line":71,"column":18}},"71":{"start":{"line":72,"column":0},"end":{"line":72,"column":4}},"72":{"start":{"line":73,"column":0},"end":{"line":73,"column":2}}},"s":{"37":0,"38":0,"39":0,"40":0,"41":0,"42":0,"43":0,"44":0,"45":0,"46":0,"47":0,"48":0,"49":0,"50":0,"51":0,"52":0,"53":0,"54":0,"55":0,"56":0,"57":0,"58":0,"59":0,"60":0,"61":0,"62":0,"63":0,"64":0,"65":0,"66":0,"67":0,"68":0,"69":0,"70":0,"71":0,"72":0},"branchMap":{"0":{"type":"branch","line":1,"loc":{"start":{"line":1,"column":1532},"end":{"line":73,"column":2}},"locations":[{"start":{"line":1,"column":1532},"end":{"line":73,"column":2}}]}},"b":{"0":[1]},"fnMap":{"0":{"name":"(empty-report)","decl":{"start":{"line":1,"column":1532},"end":{"line":73,"column":2}},"loc":{"start":{"line":1,"column":1532},"end":{"line":73,"column":2}},"line":1}},"f":{"0":1}}
,"/Users/olawal/Documents/GitHub/summer-challenge/src/types/aggregates.ts": {"path":"/Users/olawal/Documents/GitHub/summer-challenge/src/types/aggregates.ts","all":false,"statementMap":{},"s":{},"branchMap":{},"b":{},"fnMap":{},"f":{}}
,"/Users/olawal/Documents/GitHub/summer-challenge/src/types/audit.ts": {"path":"/Users/olawal/Documents/GitHub/summer-challenge/src/types/audit.ts","all":false,"statementMap":{"13":{"start":{"line":14,"column":0},"end":{"line":14,"column":30}},"14":{"start":{"line":15,"column":0},"end":{"line":15,"column":21}},"15":{"start":{"line":16,"column":0},"end":{"line":16,"column":28}},"16":{"start":{"line":17,"column":0},"end":{"line":17,"column":28}},"17":{"start":{"line":18,"column":0},"end":{"line":18,"column":15}},"18":{"start":{"line":19,"column":0},"end":{"line":19,"column":18}},"19":{"start":{"line":20,"column":0},"end":{"line":20,"column":18}},"20":{"start":{"line":21,"column":0},"end":{"line":21,"column":17}},"21":{"start":{"line":22,"column":0},"end":{"line":22,"column":17}},"22":{"start":{"line":23,"column":0},"end":{"line":23,"column":17}},"23":{"start":{"line":24,"column":0},"end":{"line":24,"column":16}},"24":{"start":{"line":25,"column":0},"end":{"line":25,"column":23}},"25":{"start":{"line":26,"column":0},"end":{"line":26,"column":11}}},"s":{"13":1,"14":1,"15":1,"16":1,"17":1,"18":1,"19":1,"20":1,"21":1,"22":1,"23":1,"24":1,"25":1},"branchMap":{},"b":{},"fnMap":{},"f":{}}
,"/Users/olawal/Documents/GitHub/summer-challenge/src/types/challenge.ts": {"path":"/Users/olawal/Documents/GitHub/summer-challenge/src/types/challenge.ts","all":false,"statementMap":{"7":{"start":{"line":8,"column":0},"end":{"line":8,"column":63}}},"s":{"7":1},"branchMap":{},"b":{},"fnMap":{},"f":{}}
,"/Users/olawal/Documents/GitHub/summer-challenge/src/types/entry.ts": {"path":"/Users/olawal/Documents/GitHub/summer-challenge/src/types/entry.ts","all":false,"statementMap":{"93":{"start":{"line":94,"column":0},"end":{"line":94,"column":41}},"94":{"start":{"line":95,"column":0},"end":{"line":95,"column":13}},"95":{"start":{"line":96,"column":0},"end":{"line":96,"column":17}},"96":{"start":{"line":97,"column":0},"end":{"line":97,"column":30}},"97":{"start":{"line":98,"column":0},"end":{"line":98,"column":22}},"98":{"start":{"line":99,"column":0},"end":{"line":99,"column":18}},"99":{"start":{"line":100,"column":0},"end":{"line":100,"column":67}},"100":{"start":{"line":101,"column":0},"end":{"line":101,"column":19}},"101":{"start":{"line":102,"column":0},"end":{"line":102,"column":77}},"102":{"start":{"line":103,"column":0},"end":{"line":103,"column":19}},"103":{"start":{"line":104,"column":0},"end":{"line":104,"column":17}},"104":{"start":{"line":105,"column":0},"end":{"line":105,"column":19}},"105":{"start":{"line":106,"column":0},"end":{"line":106,"column":65}},"106":{"start":{"line":107,"column":0},"end":{"line":107,"column":18}},"108":{"start":{"line":109,"column":0},"end":{"line":109,"column":19}},"109":{"start":{"line":110,"column":0},"end":{"line":110,"column":3}},"110":{"start":{"line":111,"column":0},"end":{"line":111,"column":2}}},"s":{"93":1,"94":0,"95":0,"96":0,"97":0,"98":0,"99":0,"100":0,"101":0,"102":0,"103":0,"104":0,"105":0,"106":0,"108":0,"109":0,"110":0},"branchMap":{},"b":{},"fnMap":{"0":{"name":"entryValueIsValidForRule","decl":{"start":{"line":94,"column":40},"end":{"line":111,"column":2}},"loc":{"start":{"line":94,"column":40},"end":{"line":111,"column":2}},"line":94}},"f":{"0":0}}
,"/Users/olawal/Documents/GitHub/summer-challenge/src/types/index.ts": {"path":"/Users/olawal/Documents/GitHub/summer-challenge/src/types/index.ts","all":false,"statementMap":{"0":{"start":{"line":1,"column":0},"end":{"line":1,"column":3}},"15":{"start":{"line":16,"column":0},"end":{"line":16,"column":23}},"16":{"start":{"line":17,"column":0},"end":{"line":17,"column":28}},"17":{"start":{"line":18,"column":0},"end":{"line":18,"column":25}},"18":{"start":{"line":19,"column":0},"end":{"line":19,"column":24}},"19":{"start":{"line":20,"column":0},"end":{"line":20,"column":24}},"20":{"start":{"line":21,"column":0},"end":{"line":21,"column":29}},"21":{"start":{"line":22,"column":0},"end":{"line":22,"column":31}}},"s":{"0":1,"15":1,"16":1,"17":1,"18":1,"19":1,"20":1,"21":1},"branchMap":{},"b":{},"fnMap":{},"f":{}}
,"/Users/olawal/Documents/GitHub/summer-challenge/src/types/localStorage.ts": {"path":"/Users/olawal/Documents/GitHub/summer-challenge/src/types/localStorage.ts","all":false,"statementMap":{"16":{"start":{"line":17,"column":0},"end":{"line":17,"column":24}},"21":{"start":{"line":22,"column":0},"end":{"line":22,"column":39}},"23":{"start":{"line":24,"column":0},"end":{"line":24,"column":32}},"25":{"start":{"line":26,"column":0},"end":{"line":26,"column":39}},"30":{"start":{"line":31,"column":0},"end":{"line":31,"column":34}},"31":{"start":{"line":32,"column":0},"end":{"line":32,"column":11}}},"s":{"16":1,"21":1,"23":1,"25":1,"30":1,"31":1},"branchMap":{},"b":{},"fnMap":{},"f":{}}
,"/Users/olawal/Documents/GitHub/summer-challenge/src/types/member.ts": {"path":"/Users/olawal/Documents/GitHub/summer-challenge/src/types/member.ts","all":false,"statementMap":{"6":{"start":{"line":7,"column":0},"end":{"line":7,"column":58}}},"s":{"6":1},"branchMap":{},"b":{},"fnMap":{},"f":{}}
,"/Users/olawal/Documents/GitHub/summer-challenge/src/types/rule.ts": {"path":"/Users/olawal/Documents/GitHub/summer-challenge/src/types/rule.ts","all":false,"statementMap":{"17":{"start":{"line":18,"column":0},"end":{"line":18,"column":27}},"18":{"start":{"line":19,"column":0},"end":{"line":19,"column":11}},"19":{"start":{"line":20,"column":0},"end":{"line":20,"column":12}},"20":{"start":{"line":21,"column":0},"end":{"line":21,"column":10}},"21":{"start":{"line":22,"column":0},"end":{"line":22,"column":12}},"22":{"start":{"line":23,"column":0},"end":{"line":23,"column":11}},"23":{"start":{"line":24,"column":0},"end":{"line":24,"column":12}},"24":{"start":{"line":25,"column":0},"end":{"line":25,"column":11}},"237":{"start":{"line":238,"column":0},"end":{"line":238,"column":78}},"238":{"start":{"line":239,"column":0},"end":{"line":239,"column":81}},"239":{"start":{"line":240,"column":0},"end":{"line":240,"column":75}},"240":{"start":{"line":241,"column":0},"end":{"line":241,"column":81}},"241":{"start":{"line":242,"column":0},"end":{"line":242,"column":78}},"242":{"start":{"line":243,"column":0},"end":{"line":243,"column":81}},"248":{"start":{"line":249,"column":0},"end":{"line":249,"column":79}}},"s":{"17":1,"18":1,"19":1,"20":1,"21":1,"22":1,"23":1,"24":1,"237":1,"238":1,"239":1,"240":1,"241":1,"242":1,"248":1},"branchMap":{},"b":{},"fnMap":{"0":{"name":"isBinaryRule","decl":{"start":{"line":238,"column":28},"end":{"line":238,"column":78}},"loc":{"start":{"line":238,"column":28},"end":{"line":238,"column":78}},"line":238},"1":{"name":"isCounterRule","decl":{"start":{"line":239,"column":29},"end":{"line":239,"column":81}},"loc":{"start":{"line":239,"column":29},"end":{"line":239,"column":81}},"line":239},"2":{"name":"isRangeRule","decl":{"start":{"line":240,"column":27},"end":{"line":240,"column":75}},"loc":{"start":{"line":240,"column":27},"end":{"line":240,"column":75}},"line":240},"3":{"name":"isPenaltyRule","decl":{"start":{"line":241,"column":29},"end":{"line":241,"column":81}},"loc":{"start":{"line":241,"column":29},"end":{"line":241,"column":81}},"line":241},"4":{"name":"isStreakRule","decl":{"start":{"line":242,"column":28},"end":{"line":242,"column":78}},"loc":{"start":{"line":242,"column":28},"end":{"line":242,"column":78}},"line":242},"5":{"name":"isTrackerRule","decl":{"start":{"line":243,"column":29},"end":{"line":243,"column":81}},"loc":{"start":{"line":243,"column":29},"end":{"line":243,"column":81}},"line":243},"6":{"name":"ruleAcceptsEntryValue","decl":{"start":{"line":249,"column":37},"end":{"line":249,"column":79}},"loc":{"start":{"line":249,"column":37},"end":{"line":249,"column":79}},"line":249}},"f":{"0":0,"1":0,"2":0,"3":0,"4":0,"5":0,"6":0}}
}
